nohup: ignoring input
/home/ec2-user/.local/lib/python3.9/site-packages/boto3/compat.py:89: PythonDeprecationWarning: Boto3 will no longer support Python 3.9 starting April 29, 2026. To continue receiving service updates, bug fixes, and security updates please upgrade to Python 3.10 or later. More information can be found here: https://aws.amazon.com/blogs/developer/python-support-policy-updates-for-aws-sdks-and-tools/
  warnings.warn(warning, PythonDeprecationWarning)
2026-03-28 17:47:22,931 INFO Worker started — waiting for jobs from Redis queue...
2026-03-28 17:47:22,931 INFO Connected to Redis: rediss://master.code-compiler-redis.yjwc7i.aps1.cache.amazonaws.com:6379/0
2026-03-28 17:47:22,948 INFO Processing job | job_id=9bac9e4e-f538-497d-9931-05511e5a1481 | lang=python
2026-03-28 17:47:22,999 INFO CloudWatch logging initialized
2026-03-28 17:47:24,253 INFO Execution complete | lang=python | exit=0 | time=1.182s
2026-03-28 17:47:24,332 INFO S3 log uploaded | job_id=9bac9e4e-f538-497d-9931-05511e5a1481 | key=executions/2026/03/1/9bac9e4e-f538-497d-9931-05511e5a1481/log.json
2026-03-28 17:47:24,336 INFO Job complete | job_id=9bac9e4e-f538-497d-9931-05511e5a1481 | status=success | time=1.182s
2026-03-28 17:47:24,338 INFO Processing job | job_id=b89d6c27-04b9-4909-9dbc-bfc409338159 | lang=python
/home/ec2-user/.local/lib/python3.9/site-packages/boto3/compat.py:89: PythonDeprecationWarning: Boto3 will no longer support Python 3.9 starting April 29, 2026. To continue receiving service updates, bug fixes, and security updates please upgrade to Python 3.10 or later. More information can be found here: https://aws.amazon.com/blogs/developer/python-support-policy-updates-for-aws-sdks-and-tools/
  warnings.warn(warning, PythonDeprecationWarning)
2026-03-28 17:47:24,376 INFO CloudWatch logging initialized
2026-03-28 17:47:24,874 INFO Execution complete | lang=python | exit=0 | time=0.456s
2026-03-28 17:47:24,909 INFO S3 log uploaded | job_id=b89d6c27-04b9-4909-9dbc-bfc409338159 | key=executions/2026/03/1/b89d6c27-04b9-4909-9dbc-bfc409338159/log.json
2026-03-28 17:47:24,912 INFO Job complete | job_id=b89d6c27-04b9-4909-9dbc-bfc409338159 | status=success | time=0.456s
2026-03-28 17:47:24,915 INFO Processing job | job_id=43336ca9-c9fc-495b-ab1d-dcbd639649cc | lang=python
/home/ec2-user/.local/lib/python3.9/site-packages/boto3/compat.py:89: PythonDeprecationWarning: Boto3 will no longer support Python 3.9 starting April 29, 2026. To continue receiving service updates, bug fixes, and security updates please upgrade to Python 3.10 or later. More information can be found here: https://aws.amazon.com/blogs/developer/python-support-policy-updates-for-aws-sdks-and-tools/
  warnings.warn(warning, PythonDeprecationWarning)
2026-03-28 17:47:24,950 INFO CloudWatch logging initialized
2026-03-28 17:47:25,365 INFO Execution complete | lang=python | exit=0 | time=0.376s
2026-03-28 17:47:25,398 INFO S3 log uploaded | job_id=43336ca9-c9fc-495b-ab1d-dcbd639649cc | key=executions/2026/03/1/43336ca9-c9fc-495b-ab1d-dcbd639649cc/log.json
2026-03-28 17:47:25,401 INFO Job complete | job_id=43336ca9-c9fc-495b-ab1d-dcbd639649cc | status=success | time=0.376s
2026-03-28 17:47:55,416 INFO Queue empty — waiting...
2026-03-28 17:48:25,455 INFO Queue empty — waiting...
2026-03-28 17:48:33,787 INFO Processing job | job_id=609767a1-1acb-473d-9b20-58c3de26bc82 | lang=python
/home/ec2-user/.local/lib/python3.9/site-packages/boto3/compat.py:89: PythonDeprecationWarning: Boto3 will no longer support Python 3.9 starting April 29, 2026. To continue receiving service updates, bug fixes, and security updates please upgrade to Python 3.10 or later. More information can be found here: https://aws.amazon.com/blogs/developer/python-support-policy-updates-for-aws-sdks-and-tools/
  warnings.warn(warning, PythonDeprecationWarning)
2026-03-28 17:48:33,826 INFO CloudWatch logging initialized
2026-03-28 17:48:34,284 INFO Execution complete | lang=python | exit=0 | time=0.418s
2026-03-28 17:48:34,352 INFO S3 log uploaded | job_id=609767a1-1acb-473d-9b20-58c3de26bc82 | key=executions/2026/03/1/609767a1-1acb-473d-9b20-58c3de26bc82/log.json
2026-03-28 17:48:34,356 INFO Job complete | job_id=609767a1-1acb-473d-9b20-58c3de26bc82 | status=success | time=0.418s
2026-03-28 17:49:04,452 INFO Queue empty — waiting...
2026-03-28 17:49:15,599 INFO Processing job | job_id=6cb43059-274e-433c-b316-4d1295f66779 | lang=python
/home/ec2-user/.local/lib/python3.9/site-packages/boto3/compat.py:89: PythonDeprecationWarning: Boto3 will no longer support Python 3.9 starting April 29, 2026. To continue receiving service updates, bug fixes, and security updates please upgrade to Python 3.10 or later. More information can be found here: https://aws.amazon.com/blogs/developer/python-support-policy-updates-for-aws-sdks-and-tools/
  warnings.warn(warning, PythonDeprecationWarning)
2026-03-28 17:49:15,636 INFO CloudWatch logging initialized
2026-03-28 17:49:16,095 INFO Execution complete | lang=python | exit=0 | time=0.421s
2026-03-28 17:49:16,172 INFO S3 log uploaded | job_id=6cb43059-274e-433c-b316-4d1295f66779 | key=executions/2026/03/1/6cb43059-274e-433c-b316-4d1295f66779/log.json
2026-03-28 17:49:16,175 INFO Job complete | job_id=6cb43059-274e-433c-b316-4d1295f66779 | status=success | time=0.421s
2026-03-28 17:49:46,257 INFO Queue empty — waiting...
2026-03-28 17:50:16,285 INFO Queue empty — waiting...
2026-03-28 17:50:46,304 INFO Queue empty — waiting...
2026-03-28 17:51:16,324 INFO Queue empty — waiting...
2026-03-28 17:51:46,348 INFO Queue empty — waiting...
2026-03-28 17:52:16,382 INFO Queue empty — waiting...
2026-03-28 17:52:46,401 INFO Queue empty — waiting...
2026-03-28 17:53:16,418 INFO Queue empty — waiting...
2026-03-28 17:53:46,434 INFO Queue empty — waiting...
2026-03-28 17:54:16,484 INFO Queue empty — waiting...
2026-03-28 17:54:46,500 INFO Queue empty — waiting...
2026-03-28 17:55:16,520 INFO Queue empty — waiting...
2026-03-28 17:55:46,542 INFO Queue empty — waiting...
2026-03-28 17:56:16,580 INFO Queue empty — waiting...
2026-03-28 17:56:46,601 INFO Queue empty — waiting...
2026-03-28 17:57:16,620 INFO Queue empty — waiting...
2026-03-28 17:57:46,640 INFO Queue empty — waiting...
2026-03-28 17:58:16,665 INFO Queue empty — waiting...
2026-03-28 17:58:46,687 INFO Queue empty — waiting...
2026-03-28 17:59:16,706 INFO Queue empty — waiting...
2026-03-28 17:59:46,729 INFO Queue empty — waiting...
2026-03-28 18:00:16,782 INFO Queue empty — waiting...
2026-03-28 18:00:46,805 INFO Queue empty — waiting...
2026-03-28 18:01:16,831 INFO Queue empty — waiting...
2026-03-28 18:01:46,849 INFO Queue empty — waiting...
2026-03-28 18:02:16,873 INFO Queue empty — waiting...
2026-03-28 18:02:46,891 INFO Queue empty — waiting...
2026-03-28 18:03:16,918 INFO Queue empty — waiting...
2026-03-28 18:03:46,933 INFO Queue empty — waiting...
2026-03-28 18:04:16,954 INFO Queue empty — waiting...
2026-03-28 18:04:46,974 INFO Queue empty — waiting...
2026-03-28 18:05:17,006 INFO Queue empty — waiting...
2026-03-28 18:05:47,021 INFO Queue empty — waiting...
2026-03-28 18:06:17,046 INFO Queue empty — waiting...
2026-03-28 18:06:47,067 INFO Queue empty — waiting...
2026-03-28 18:07:17,095 INFO Queue empty — waiting...
2026-03-28 18:07:47,119 INFO Queue empty — waiting...
2026-03-28 18:08:17,146 INFO Queue empty — waiting...
2026-03-28 18:08:47,169 INFO Queue empty — waiting...
2026-03-28 18:09:17,189 INFO Queue empty — waiting...
2026-03-28 18:09:47,209 INFO Queue empty — waiting...
2026-03-28 18:10:17,243 INFO Queue empty — waiting...
2026-03-28 18:10:47,261 INFO Queue empty — waiting...
2026-03-28 18:11:17,306 INFO Queue empty — waiting...
2026-03-28 18:11:47,322 INFO Queue empty — waiting...
2026-03-28 18:12:17,347 INFO Queue empty — waiting...
2026-03-28 18:12:47,363 INFO Queue empty — waiting...
2026-03-28 18:13:17,394 INFO Queue empty — waiting...
2026-03-28 18:13:47,415 INFO Queue empty — waiting...
2026-03-28 18:14:17,444 INFO Queue empty — waiting...
2026-03-28 18:14:47,464 INFO Queue empty — waiting...
2026-03-28 18:15:17,496 INFO Queue empty — waiting...
2026-03-28 18:15:47,515 INFO Queue empty — waiting...
2026-03-28 18:16:17,534 INFO Queue empty — waiting...
2026-03-28 18:16:47,553 INFO Queue empty — waiting...
2026-03-28 18:17:17,586 INFO Queue empty — waiting...
2026-03-28 18:17:47,607 INFO Queue empty — waiting...
2026-03-28 18:18:17,627 INFO Queue empty — waiting...
2026-03-28 18:18:47,646 INFO Queue empty — waiting...
2026-03-28 18:19:17,676 INFO Queue empty — waiting...
2026-03-28 18:19:47,694 INFO Queue empty — waiting...
2026-03-28 18:20:17,725 INFO Queue empty — waiting...
2026-03-28 18:20:47,742 INFO Queue empty — waiting...
2026-03-28 18:21:17,769 INFO Queue empty — waiting...
2026-03-28 18:21:47,788 INFO Queue empty — waiting...
2026-03-28 18:22:17,806 INFO Queue empty — waiting...
2026-03-28 18:22:47,823 INFO Queue empty — waiting...
2026-03-28 18:23:17,856 INFO Queue empty — waiting...
2026-03-28 18:23:47,874 INFO Queue empty — waiting...
2026-03-28 18:24:17,903 INFO Queue empty — waiting...
2026-03-28 18:24:47,924 INFO Queue empty — waiting...
2026-03-28 18:25:17,940 INFO Queue empty — waiting...
2026-03-28 18:25:47,942 INFO Queue empty — waiting...
2026-03-28 18:26:17,945 INFO Queue empty — waiting...
2026-03-28 18:26:47,949 INFO Queue empty — waiting...
2026-03-28 18:27:17,952 INFO Queue empty — waiting...
2026-03-28 18:27:47,954 INFO Queue empty — waiting...
2026-03-28 18:28:17,957 INFO Queue empty — waiting...
2026-03-28 18:28:47,959 INFO Queue empty — waiting...
2026-03-28 18:29:17,963 INFO Queue empty — waiting...
2026-03-28 18:29:47,966 INFO Queue empty — waiting...
2026-03-28 18:30:17,969 INFO Queue empty — waiting...
2026-03-28 18:30:47,972 INFO Queue empty — waiting...
2026-03-28 18:31:17,974 INFO Queue empty — waiting...
2026-03-28 18:31:47,977 INFO Queue empty — waiting...
2026-03-28 18:32:17,980 INFO Queue empty — waiting...
2026-03-28 18:32:47,983 INFO Queue empty — waiting...
2026-03-28 18:33:17,986 INFO Queue empty — waiting...
2026-03-28 18:33:47,989 INFO Queue empty — waiting...
2026-03-28 18:34:18,003 INFO Queue empty — waiting...
2026-03-28 18:34:48,045 INFO Queue empty — waiting...
2026-03-28 18:35:18,068 INFO Queue empty — waiting...
2026-03-28 18:35:48,087 INFO Queue empty — waiting...
2026-03-28 18:36:18,120 INFO Queue empty — waiting...
2026-03-28 18:36:48,137 INFO Queue empty — waiting...
2026-03-28 18:37:18,154 INFO Queue empty — waiting...
2026-03-28 18:37:48,171 INFO Queue empty — waiting...
2026-03-28 18:38:18,212 INFO Queue empty — waiting...
2026-03-28 18:38:48,234 INFO Queue empty — waiting...
2026-03-28 18:39:18,267 INFO Queue empty — waiting...
2026-03-28 18:39:48,287 INFO Queue empty — waiting...
2026-03-28 18:40:18,325 INFO Queue empty — waiting...
2026-03-28 18:40:48,342 INFO Queue empty — waiting...
2026-03-28 18:41:18,366 INFO Queue empty — waiting...
2026-03-28 18:41:48,382 INFO Queue empty — waiting...
2026-03-28 18:42:18,413 INFO Queue empty — waiting...
2026-03-28 18:42:48,433 INFO Queue empty — waiting...
2026-03-28 18:43:18,452 INFO Queue empty — waiting...
2026-03-28 18:43:48,476 INFO Queue empty — waiting...
2026-03-28 18:44:18,527 INFO Queue empty — waiting...
2026-03-28 18:44:48,543 INFO Queue empty — waiting...
2026-03-28 18:45:18,566 INFO Queue empty — waiting...
2026-03-28 18:45:48,586 INFO Queue empty — waiting...
2026-03-28 18:46:18,627 INFO Queue empty — waiting...
2026-03-28 18:46:48,645 INFO Queue empty — waiting...
2026-03-28 18:47:18,671 INFO Queue empty — waiting...
2026-03-28 18:47:48,689 INFO Queue empty — waiting...
2026-03-28 18:48:18,721 INFO Queue empty — waiting...
2026-03-28 18:48:48,742 INFO Queue empty — waiting...
2026-03-28 18:49:18,777 INFO Queue empty — waiting...
2026-03-28 18:49:48,796 INFO Queue empty — waiting...
2026-03-28 18:50:18,820 INFO Queue empty — waiting...
2026-03-28 18:50:48,835 INFO Queue empty — waiting...
2026-03-28 18:51:18,876 INFO Queue empty — waiting...
2026-03-28 18:51:48,900 INFO Queue empty — waiting...
2026-03-28 18:52:18,934 INFO Queue empty — waiting...
2026-03-28 18:52:48,953 INFO Queue empty — waiting...
2026-03-28 18:53:18,983 INFO Queue empty — waiting...
2026-03-28 18:53:49,003 INFO Queue empty — waiting...
2026-03-28 18:54:19,034 INFO Queue empty — waiting...
2026-03-28 18:54:49,052 INFO Queue empty — waiting...
2026-03-28 18:55:19,088 INFO Queue empty — waiting...
2026-03-28 18:55:49,106 INFO Queue empty — waiting...
2026-03-28 18:56:19,131 INFO Queue empty — waiting...
2026-03-28 18:56:49,154 INFO Queue empty — waiting...
2026-03-28 18:57:19,191 INFO Queue empty — waiting...
2026-03-28 18:57:49,207 INFO Queue empty — waiting...
2026-03-28 18:58:19,228 INFO Queue empty — waiting...
2026-03-28 18:58:49,241 INFO Queue empty — waiting...
2026-03-28 18:59:19,265 INFO Queue empty — waiting...
2026-03-28 18:59:49,284 INFO Queue empty — waiting...
2026-03-28 19:00:19,339 INFO Queue empty — waiting...
2026-03-28 19:00:49,357 INFO Queue empty — waiting...
2026-03-28 19:01:19,391 INFO Queue empty — waiting...
2026-03-28 19:01:49,411 INFO Queue empty — waiting...
2026-03-28 19:02:19,431 INFO Queue empty — waiting...
2026-03-28 19:02:49,451 INFO Queue empty — waiting...
2026-03-28 19:03:19,489 INFO Queue empty — waiting...
2026-03-28 19:03:49,507 INFO Queue empty — waiting...
2026-03-28 19:04:19,542 INFO Queue empty — waiting...
2026-03-28 19:04:49,559 INFO Queue empty — waiting...
2026-03-28 19:05:19,589 INFO Queue empty — waiting...
2026-03-28 19:05:49,607 INFO Queue empty — waiting...
2026-03-28 19:06:19,648 INFO Queue empty — waiting...
2026-03-28 19:06:49,667 INFO Queue empty — waiting...
2026-03-28 19:07:19,698 INFO Queue empty — waiting...
2026-03-28 19:07:49,717 INFO Queue empty — waiting...
2026-03-28 19:08:19,735 INFO Queue empty — waiting...
2026-03-28 19:08:49,757 INFO Queue empty — waiting...
2026-03-28 19:09:19,794 INFO Queue empty — waiting...
2026-03-28 19:09:49,814 INFO Queue empty — waiting...
2026-03-28 19:10:19,851 INFO Queue empty — waiting...
2026-03-28 19:10:49,875 INFO Queue empty — waiting...
2026-03-28 19:11:19,904 INFO Queue empty — waiting...
2026-03-28 19:11:49,922 INFO Queue empty — waiting...
2026-03-28 19:12:19,948 INFO Queue empty — waiting...
2026-03-28 19:12:49,967 INFO Queue empty — waiting...
2026-03-28 19:13:19,990 INFO Queue empty — waiting...
2026-03-28 19:13:50,003 INFO Queue empty — waiting...
2026-03-28 19:14:20,029 INFO Queue empty — waiting...
2026-03-28 19:14:50,047 INFO Queue empty — waiting...
2026-03-28 19:15:20,083 INFO Queue empty — waiting...
2026-03-28 19:15:50,099 INFO Queue empty — waiting...
2026-03-28 19:16:20,141 INFO Queue empty — waiting...
2026-03-28 19:16:50,164 INFO Queue empty — waiting...
2026-03-28 19:16:50,925 INFO Processing job | job_id=725d97f0-914a-4150-af37-5d300447c11d | lang=python
/home/ec2-user/.local/lib/python3.9/site-packages/boto3/compat.py:89: PythonDeprecationWarning: Boto3 will no longer support Python 3.9 starting April 29, 2026. To continue receiving service updates, bug fixes, and security updates please upgrade to Python 3.10 or later. More information can be found here: https://aws.amazon.com/blogs/developer/python-support-policy-updates-for-aws-sdks-and-tools/
  warnings.warn(warning, PythonDeprecationWarning)
2026-03-28 19:16:50,965 INFO CloudWatch logging initialized
2026-03-28 19:16:51,500 INFO Execution complete | lang=python | exit=0 | time=0.492s
2026-03-28 19:16:51,575 INFO S3 log uploaded | job_id=725d97f0-914a-4150-af37-5d300447c11d | key=executions/2026/03/1/725d97f0-914a-4150-af37-5d300447c11d/log.json
2026-03-28 19:16:51,578 INFO Job complete | job_id=725d97f0-914a-4150-af37-5d300447c11d | status=success | time=0.492s
2026-03-28 19:17:21,598 INFO Queue empty — waiting...
2026-03-28 19:17:51,618 INFO Queue empty — waiting...
2026-03-28 19:18:21,641 INFO Queue empty — waiting...
2026-03-28 19:18:40,406 INFO Processing job | job_id=8deaf61a-ba0b-4856-809d-f1f18355e777 | lang=python
/home/ec2-user/.local/lib/python3.9/site-packages/boto3/compat.py:89: PythonDeprecationWarning: Boto3 will no longer support Python 3.9 starting April 29, 2026. To continue receiving service updates, bug fixes, and security updates please upgrade to Python 3.10 or later. More information can be found here: https://aws.amazon.com/blogs/developer/python-support-policy-updates-for-aws-sdks-and-tools/
  warnings.warn(warning, PythonDeprecationWarning)
2026-03-28 19:18:40,445 INFO CloudWatch logging initialized
2026-03-28 19:18:40,881 INFO Execution complete | lang=python | exit=0 | time=0.392s
2026-03-28 19:18:40,952 INFO S3 log uploaded | job_id=8deaf61a-ba0b-4856-809d-f1f18355e777 | key=executions/2026/03/1/8deaf61a-ba0b-4856-809d-f1f18355e777/log.json
2026-03-28 19:18:40,955 INFO Job complete | job_id=8deaf61a-ba0b-4856-809d-f1f18355e777 | status=success | time=0.392s
2026-03-28 19:19:11,003 INFO Queue empty — waiting...
2026-03-28 19:19:41,022 INFO Queue empty — waiting...
2026-03-28 19:20:11,042 INFO Queue empty — waiting...
2026-03-28 19:20:41,066 INFO Queue empty — waiting...
2026-03-28 19:21:11,090 INFO Queue empty — waiting...
2026-03-28 19:21:41,112 INFO Queue empty — waiting...
2026-03-28 19:22:11,140 INFO Queue empty — waiting...
2026-03-28 19:22:41,161 INFO Queue empty — waiting...
2026-03-28 19:23:11,194 INFO Queue empty — waiting...
2026-03-28 19:23:41,212 INFO Queue empty — waiting...
2026-03-28 19:24:11,264 INFO Queue empty — waiting...
2026-03-28 19:24:16,116 INFO Processing job | job_id=87936349-1aec-4439-8fec-57fa2642b8a7 | lang=python
/home/ec2-user/.local/lib/python3.9/site-packages/boto3/compat.py:89: PythonDeprecationWarning: Boto3 will no longer support Python 3.9 starting April 29, 2026. To continue receiving service updates, bug fixes, and security updates please upgrade to Python 3.10 or later. More information can be found here: https://aws.amazon.com/blogs/developer/python-support-policy-updates-for-aws-sdks-and-tools/
  warnings.warn(warning, PythonDeprecationWarning)
2026-03-28 19:24:16,161 INFO CloudWatch logging initialized
2026-03-28 19:24:16,600 INFO Execution complete | lang=python | exit=0 | time=0.394s
2026-03-28 19:24:16,668 INFO S3 log uploaded | job_id=87936349-1aec-4439-8fec-57fa2642b8a7 | key=executions/2026/03/1/87936349-1aec-4439-8fec-57fa2642b8a7/log.json
2026-03-28 19:24:16,672 INFO Job complete | job_id=87936349-1aec-4439-8fec-57fa2642b8a7 | status=success | time=0.394s
2026-03-28 19:24:46,725 INFO Queue empty — waiting...
2026-03-28 19:25:16,779 INFO Queue empty — waiting...
2026-03-28 19:25:46,799 INFO Queue empty — waiting...
2026-03-28 19:26:16,826 INFO Queue empty — waiting...
2026-03-28 19:26:46,845 INFO Queue empty — waiting...
2026-03-28 19:27:16,874 INFO Queue empty — waiting...
2026-03-28 19:27:46,893 INFO Queue empty — waiting...
2026-03-28 19:28:16,923 INFO Queue empty — waiting...
2026-03-28 19:28:46,938 INFO Queue empty — waiting...
2026-03-28 19:29:16,967 INFO Queue empty — waiting...
2026-03-28 19:29:46,983 INFO Queue empty — waiting...
2026-03-28 19:30:17,003 INFO Queue empty — waiting...
2026-03-28 19:30:47,028 INFO Queue empty — waiting...
2026-03-28 19:31:17,057 INFO Queue empty — waiting...
2026-03-28 19:31:47,081 INFO Queue empty — waiting...
2026-03-28 19:32:17,117 INFO Queue empty — waiting...
2026-03-28 19:32:47,139 INFO Queue empty — waiting...
2026-03-28 19:33:17,165 INFO Queue empty — waiting...
2026-03-28 19:33:47,190 INFO Queue empty — waiting...
2026-03-28 19:34:17,212 INFO Queue empty — waiting...
2026-03-28 19:34:47,232 INFO Queue empty — waiting...
2026-03-28 19:35:17,257 INFO Queue empty — waiting...
2026-03-28 19:35:47,281 INFO Queue empty — waiting...
2026-03-28 19:36:17,312 INFO Queue empty — waiting...
2026-03-28 19:36:47,332 INFO Queue empty — waiting...
2026-03-28 19:37:17,363 INFO Queue empty — waiting...
2026-03-28 19:37:47,383 INFO Queue empty — waiting...
2026-03-28 19:38:17,416 INFO Queue empty — waiting...
2026-03-28 19:38:47,435 INFO Queue empty — waiting...
2026-03-28 19:39:17,462 INFO Queue empty — waiting...
2026-03-28 19:39:47,479 INFO Queue empty — waiting...
2026-03-28 19:40:17,503 INFO Queue empty — waiting...
2026-03-28 19:40:47,524 INFO Queue empty — waiting...
2026-03-28 19:41:17,547 INFO Queue empty — waiting...
2026-03-28 19:41:47,569 INFO Queue empty — waiting...
2026-03-28 19:42:17,595 INFO Queue empty — waiting...
2026-03-28 19:42:47,614 INFO Queue empty — waiting...
2026-03-28 19:43:17,655 INFO Queue empty — waiting...
2026-03-28 19:43:47,673 INFO Queue empty — waiting...
2026-03-28 19:44:17,700 INFO Queue empty — waiting...
2026-03-28 19:44:47,715 INFO Queue empty — waiting...
2026-03-28 19:45:17,747 INFO Queue empty — waiting...
2026-03-28 19:45:47,763 INFO Queue empty — waiting...
2026-03-28 19:46:17,787 INFO Queue empty — waiting...
2026-03-28 19:46:47,805 INFO Queue empty — waiting...
2026-03-28 19:47:17,829 INFO Queue empty — waiting...
2026-03-28 19:47:47,850 INFO Queue empty — waiting...
2026-03-28 19:48:17,874 INFO Queue empty — waiting...
2026-03-28 19:48:47,894 INFO Queue empty — waiting...
2026-03-28 19:49:17,935 INFO Queue empty — waiting...
2026-03-28 19:49:47,959 INFO Queue empty — waiting...
2026-03-28 19:50:17,993 INFO Queue empty — waiting...
2026-03-28 19:50:48,003 INFO Queue empty — waiting...
2026-03-28 19:51:18,049 INFO Queue empty — waiting...
2026-03-28 19:51:48,071 INFO Queue empty — waiting...
2026-03-28 19:52:18,104 INFO Queue empty — waiting...
2026-03-28 19:52:48,127 INFO Queue empty — waiting...
2026-03-28 19:53:18,164 INFO Queue empty — waiting...
2026-03-28 19:53:48,185 INFO Queue empty — waiting...
2026-03-28 19:54:18,212 INFO Queue empty — waiting...
2026-03-28 19:54:48,229 INFO Queue empty — waiting...
2026-03-28 19:55:18,270 INFO Queue empty — waiting...
2026-03-28 19:55:48,290 INFO Queue empty — waiting...
2026-03-28 19:56:18,311 INFO Queue empty — waiting...
2026-03-28 19:56:48,332 INFO Queue empty — waiting...
2026-03-28 19:57:18,383 INFO Queue empty — waiting...
2026-03-28 19:57:48,405 INFO Queue empty — waiting...
2026-03-28 19:58:18,425 INFO Queue empty — waiting...
2026-03-28 19:58:48,445 INFO Queue empty — waiting...
2026-03-28 19:59:18,473 INFO Queue empty — waiting...
2026-03-28 19:59:48,479 INFO Queue empty — waiting...
2026-03-28 20:00:18,482 INFO Queue empty — waiting...
2026-03-28 20:00:48,486 INFO Queue empty — waiting...
2026-03-28 20:01:18,488 INFO Queue empty — waiting...
2026-03-28 20:01:48,492 INFO Queue empty — waiting...
2026-03-28 20:02:18,495 INFO Queue empty — waiting...
2026-03-28 20:02:48,498 INFO Queue empty — waiting...
2026-03-28 20:03:18,500 INFO Queue empty — waiting...
2026-03-28 20:03:48,503 INFO Queue empty — waiting...
2026-03-28 20:04:18,513 INFO Queue empty — waiting...
2026-03-28 20:04:48,528 INFO Queue empty — waiting...
2026-03-28 20:05:18,567 INFO Queue empty — waiting...
2026-03-28 20:05:48,589 INFO Queue empty — waiting...
2026-03-28 20:06:18,617 INFO Queue empty — waiting...
2026-03-28 20:06:48,635 INFO Queue empty — waiting...
2026-03-28 20:07:18,664 INFO Queue empty — waiting...
2026-03-28 20:07:48,685 INFO Queue empty — waiting...
2026-03-28 20:08:18,709 INFO Queue empty — waiting...
2026-03-28 20:08:48,728 INFO Queue empty — waiting...
2026-03-28 20:09:18,759 INFO Queue empty — waiting...
2026-03-28 20:09:48,779 INFO Queue empty — waiting...
2026-03-28 20:10:18,812 INFO Queue empty — waiting...
2026-03-28 20:10:48,830 INFO Queue empty — waiting...
2026-03-28 20:11:18,852 INFO Queue empty — waiting...
2026-03-28 20:11:48,870 INFO Queue empty — waiting...
2026-03-28 20:12:18,917 INFO Queue empty — waiting...
2026-03-28 20:12:48,933 INFO Queue empty — waiting...
2026-03-28 20:13:18,967 INFO Queue empty — waiting...
2026-03-28 20:13:48,985 INFO Queue empty — waiting...
2026-03-28 20:14:19,003 INFO Queue empty — waiting...
2026-03-28 20:14:49,024 INFO Queue empty — waiting...
2026-03-28 20:15:19,062 INFO Queue empty — waiting...
2026-03-28 20:15:49,085 INFO Queue empty — waiting...
2026-03-28 20:16:19,118 INFO Queue empty — waiting...
2026-03-28 20:16:49,137 INFO Queue empty — waiting...
2026-03-28 20:17:19,155 INFO Queue empty — waiting...
2026-03-28 20:17:49,174 INFO Queue empty — waiting...
2026-03-28 20:18:19,203 INFO Queue empty — waiting...
2026-03-28 20:18:49,221 INFO Queue empty — waiting...
2026-03-28 20:19:19,247 INFO Queue empty — waiting...
2026-03-28 20:19:49,269 INFO Queue empty — waiting...
2026-03-28 20:20:19,299 INFO Queue empty — waiting...
2026-03-28 20:20:49,317 INFO Queue empty — waiting...
2026-03-28 20:21:19,340 INFO Queue empty — waiting...
2026-03-28 20:21:49,356 INFO Queue empty — waiting...
2026-03-28 20:22:19,382 INFO Queue empty — waiting...
2026-03-28 20:22:49,402 INFO Queue empty — waiting...
2026-03-28 20:23:19,425 INFO Queue empty — waiting...
2026-03-28 20:23:49,441 INFO Queue empty — waiting...
2026-03-28 20:24:19,473 INFO Queue empty — waiting...
2026-03-28 20:24:49,494 INFO Queue empty — waiting...
2026-03-28 20:25:19,516 INFO Queue empty — waiting...
2026-03-28 20:25:49,536 INFO Queue empty — waiting...
2026-03-28 20:26:19,556 INFO Queue empty — waiting...
2026-03-28 20:26:49,578 INFO Queue empty — waiting...
2026-03-28 20:27:19,602 INFO Queue empty — waiting...
2026-03-28 20:27:49,622 INFO Queue empty — waiting...
2026-03-28 20:28:19,654 INFO Queue empty — waiting...
2026-03-28 20:28:49,671 INFO Queue empty — waiting...
2026-03-28 20:29:19,714 INFO Queue empty — waiting...
2026-03-28 20:29:49,732 INFO Queue empty — waiting...
2026-03-28 20:30:19,790 INFO Queue empty — waiting...
2026-03-28 20:30:49,810 INFO Queue empty — waiting...
2026-03-28 20:31:19,847 INFO Queue empty — waiting...
2026-03-28 20:31:49,868 INFO Queue empty — waiting...
2026-03-28 20:32:19,892 INFO Queue empty — waiting...
2026-03-28 20:32:49,913 INFO Queue empty — waiting...
2026-03-28 20:33:19,936 INFO Queue empty — waiting...
2026-03-28 20:33:49,953 INFO Queue empty — waiting...
2026-03-28 20:34:19,974 INFO Queue empty — waiting...
2026-03-28 20:34:49,994 INFO Queue empty — waiting...
2026-03-28 20:35:20,003 INFO Queue empty — waiting...
2026-03-28 20:35:50,039 INFO Queue empty — waiting...
2026-03-28 20:36:20,081 INFO Queue empty — waiting...
2026-03-28 20:36:50,099 INFO Queue empty — waiting...
2026-03-28 20:37:20,141 INFO Queue empty — waiting...
2026-03-28 20:37:50,162 INFO Queue empty — waiting...
2026-03-28 20:38:20,201 INFO Queue empty — waiting...
2026-03-28 20:38:50,215 INFO Queue empty — waiting...
2026-03-28 20:39:20,253 INFO Queue empty — waiting...
2026-03-28 20:39:50,267 INFO Queue empty — waiting...
2026-03-28 20:40:20,301 INFO Queue empty — waiting...
2026-03-28 20:40:50,318 INFO Queue empty — waiting...
2026-03-28 20:41:20,335 INFO Queue empty — waiting...
2026-03-28 20:41:50,355 INFO Queue empty — waiting...
2026-03-28 20:42:20,387 INFO Queue empty — waiting...
2026-03-28 20:42:50,410 INFO Queue empty — waiting...
2026-03-28 20:43:20,450 INFO Queue empty — waiting...
2026-03-28 20:43:50,467 INFO Queue empty — waiting...
2026-03-28 20:44:20,501 INFO Queue empty — waiting...
2026-03-28 20:44:50,522 INFO Queue empty — waiting...
2026-03-28 20:45:20,545 INFO Queue empty — waiting...
2026-03-28 20:45:50,565 INFO Queue empty — waiting...
2026-03-28 20:46:20,602 INFO Queue empty — waiting...
2026-03-28 20:46:50,622 INFO Queue empty — waiting...
2026-03-28 20:47:20,639 INFO Queue empty — waiting...
2026-03-28 20:47:50,659 INFO Queue empty — waiting...
2026-03-28 20:48:20,681 INFO Queue empty — waiting...
2026-03-28 20:48:50,701 INFO Queue empty — waiting...
2026-03-28 20:49:20,727 INFO Queue empty — waiting...
2026-03-28 20:49:50,745 INFO Queue empty — waiting...
2026-03-28 20:50:20,778 INFO Queue empty — waiting...
2026-03-28 20:50:50,794 INFO Queue empty — waiting...
2026-03-28 20:51:20,819 INFO Queue empty — waiting...
2026-03-28 20:51:50,836 INFO Queue empty — waiting...
2026-03-28 20:52:20,889 INFO Queue empty — waiting...
2026-03-28 20:52:50,913 INFO Queue empty — waiting...
2026-03-28 20:53:20,932 INFO Queue empty — waiting...
2026-03-28 20:53:50,947 INFO Queue empty — waiting...
2026-03-28 20:54:20,998 INFO Queue empty — waiting...
2026-03-28 20:54:51,003 INFO Queue empty — waiting...
2026-03-28 20:55:21,043 INFO Queue empty — waiting...
2026-03-28 20:55:51,059 INFO Queue empty — waiting...
2026-03-28 20:56:21,080 INFO Queue empty — waiting...
2026-03-28 20:56:51,100 INFO Queue empty — waiting...
2026-03-28 20:57:21,122 INFO Queue empty — waiting...
2026-03-28 20:57:51,139 INFO Queue empty — waiting...
2026-03-28 20:58:21,168 INFO Queue empty — waiting...
2026-03-28 20:58:51,189 INFO Queue empty — waiting...
2026-03-28 20:59:21,216 INFO Queue empty — waiting...
2026-03-28 20:59:51,233 INFO Queue empty — waiting...
2026-03-28 21:00:21,269 INFO Queue empty — waiting...
2026-03-28 21:00:51,289 INFO Queue empty — waiting...
2026-03-28 21:01:21,352 INFO Queue empty — waiting...
2026-03-28 21:01:51,372 INFO Queue empty — waiting...
2026-03-28 21:02:21,400 INFO Queue empty — waiting...
2026-03-28 21:02:51,416 INFO Queue empty — waiting...
2026-03-28 21:03:21,443 INFO Queue empty — waiting...
2026-03-28 21:03:51,464 INFO Queue empty — waiting...
2026-03-28 21:04:21,501 INFO Queue empty — waiting...
2026-03-28 21:04:51,503 INFO Queue empty — waiting...
2026-03-28 21:05:21,550 INFO Queue empty — waiting...
2026-03-28 21:05:51,568 INFO Queue empty — waiting...
2026-03-28 21:06:21,601 INFO Queue empty — waiting...
2026-03-28 21:06:51,623 INFO Queue empty — waiting...
2026-03-28 21:07:21,655 INFO Queue empty — waiting...
2026-03-28 21:07:51,673 INFO Queue empty — waiting...
2026-03-28 21:08:21,703 INFO Queue empty — waiting...
2026-03-28 21:08:51,718 INFO Queue empty — waiting...
2026-03-28 21:09:21,737 INFO Queue empty — waiting...
2026-03-28 21:09:51,753 INFO Queue empty — waiting...
2026-03-28 21:10:21,790 INFO Queue empty — waiting...
2026-03-28 21:10:51,810 INFO Queue empty — waiting...
2026-03-28 21:11:21,831 INFO Queue empty — waiting...
2026-03-28 21:11:51,851 INFO Queue empty — waiting...
2026-03-28 21:12:21,868 INFO Queue empty — waiting...
2026-03-28 21:12:51,889 INFO Queue empty — waiting...
2026-03-28 21:13:21,908 INFO Queue empty — waiting...
2026-03-28 21:13:51,927 INFO Queue empty — waiting...
2026-03-28 21:14:21,953 INFO Queue empty — waiting...
2026-03-28 21:14:51,971 INFO Queue empty — waiting...
2026-03-28 21:15:21,995 INFO Queue empty — waiting...
2026-03-28 21:15:52,004 INFO Queue empty — waiting...
2026-03-28 21:16:22,035 INFO Queue empty — waiting...
2026-03-28 21:16:52,053 INFO Queue empty — waiting...
2026-03-28 21:17:22,068 INFO Queue empty — waiting...
2026-03-28 21:17:52,086 INFO Queue empty — waiting...
2026-03-28 21:18:22,123 INFO Queue empty — waiting...
2026-03-28 21:18:52,140 INFO Queue empty — waiting...
2026-03-28 21:19:22,159 INFO Queue empty — waiting...
2026-03-28 21:19:52,180 INFO Queue empty — waiting...
2026-03-28 21:20:22,212 INFO Queue empty — waiting...
2026-03-28 21:20:52,229 INFO Queue empty — waiting...
2026-03-28 21:21:22,250 INFO Queue empty — waiting...
2026-03-28 21:21:52,272 INFO Queue empty — waiting...
2026-03-28 21:22:22,295 INFO Queue empty — waiting...
2026-03-28 21:22:52,313 INFO Queue empty — waiting...
2026-03-28 21:23:22,331 INFO Queue empty — waiting...
2026-03-28 21:23:52,351 INFO Queue empty — waiting...
2026-03-28 21:24:22,390 INFO Queue empty — waiting...
2026-03-28 21:24:52,407 INFO Queue empty — waiting...
2026-03-28 21:25:22,425 INFO Queue empty — waiting...
2026-03-28 21:25:52,443 INFO Queue empty — waiting...
2026-03-28 21:26:22,468 INFO Queue empty — waiting...
2026-03-28 21:26:52,488 INFO Queue empty — waiting...
2026-03-28 21:27:22,522 INFO Queue empty — waiting...
2026-03-28 21:27:52,540 INFO Queue empty — waiting...
2026-03-28 21:28:22,566 INFO Queue empty — waiting...
2026-03-28 21:28:52,585 INFO Queue empty — waiting...
2026-03-28 21:29:22,617 INFO Queue empty — waiting...
2026-03-28 21:29:52,632 INFO Queue empty — waiting...
2026-03-28 21:30:22,654 INFO Queue empty — waiting...
2026-03-28 21:30:52,672 INFO Queue empty — waiting...
2026-03-28 21:31:22,701 INFO Queue empty — waiting...
2026-03-28 21:31:52,722 INFO Queue empty — waiting...
2026-03-28 21:32:22,740 INFO Queue empty — waiting...
2026-03-28 21:32:52,765 INFO Queue empty — waiting...
2026-03-28 21:33:22,813 INFO Queue empty — waiting...
2026-03-28 21:33:52,828 INFO Queue empty — waiting...
2026-03-28 21:34:22,859 INFO Queue empty — waiting...
2026-03-28 21:34:52,877 INFO Queue empty — waiting...
2026-03-28 21:35:22,902 INFO Queue empty — waiting...
2026-03-28 21:35:52,921 INFO Queue empty — waiting...
2026-03-28 21:36:22,968 INFO Queue empty — waiting...
2026-03-28 21:36:52,985 INFO Queue empty — waiting...
2026-03-28 21:37:23,003 INFO Queue empty — waiting...
2026-03-28 21:37:53,028 INFO Queue empty — waiting...
2026-03-28 21:38:23,053 INFO Queue empty — waiting...
2026-03-28 21:38:53,074 INFO Queue empty — waiting...
2026-03-28 21:39:23,090 INFO Queue empty — waiting...
2026-03-28 21:39:53,104 INFO Queue empty — waiting...
2026-03-28 21:40:23,165 INFO Queue empty — waiting...
2026-03-28 21:40:53,185 INFO Queue empty — waiting...
2026-03-28 21:41:23,221 INFO Queue empty — waiting...
2026-03-28 21:41:53,235 INFO Queue empty — waiting...
2026-03-28 21:42:23,257 INFO Queue empty — waiting...
2026-03-28 21:42:53,275 INFO Queue empty — waiting...
2026-03-28 21:43:23,305 INFO Queue empty — waiting...
2026-03-28 21:43:53,320 INFO Queue empty — waiting...
2026-03-28 21:44:23,353 INFO Queue empty — waiting...
2026-03-28 21:44:53,372 INFO Queue empty — waiting...
2026-03-28 21:45:23,393 INFO Queue empty — waiting...
2026-03-28 21:45:53,410 INFO Queue empty — waiting...
2026-03-28 21:46:23,441 INFO Queue empty — waiting...
2026-03-28 21:46:53,458 INFO Queue empty — waiting...
2026-03-28 21:47:23,478 INFO Queue empty — waiting...
2026-03-28 21:47:53,496 INFO Queue empty — waiting...
2026-03-28 21:48:23,534 INFO Queue empty — waiting...
2026-03-28 21:48:53,551 INFO Queue empty — waiting...
2026-03-28 21:49:23,577 INFO Queue empty — waiting...
2026-03-28 21:49:53,597 INFO Queue empty — waiting...
2026-03-28 21:50:23,640 INFO Queue empty — waiting...
2026-03-28 21:50:53,657 INFO Queue empty — waiting...
2026-03-28 21:51:23,682 INFO Queue empty — waiting...
2026-03-28 21:51:53,702 INFO Queue empty — waiting...
2026-03-28 21:52:23,723 INFO Queue empty — waiting...
2026-03-28 21:52:53,737 INFO Queue empty — waiting...
2026-03-28 21:53:23,772 INFO Queue empty — waiting...
2026-03-28 21:53:53,788 INFO Queue empty — waiting...
2026-03-28 21:54:23,821 INFO Queue empty — waiting...
2026-03-28 21:54:53,842 INFO Queue empty — waiting...
2026-03-28 21:55:23,867 INFO Queue empty — waiting...
2026-03-28 21:55:53,885 INFO Queue empty — waiting...
2026-03-28 21:56:23,919 INFO Queue empty — waiting...
2026-03-28 21:56:53,938 INFO Queue empty — waiting...
2026-03-28 21:57:23,974 INFO Queue empty — waiting...
2026-03-28 21:57:53,993 INFO Queue empty — waiting...
2026-03-28 21:58:24,003 INFO Queue empty — waiting...
2026-03-28 21:58:54,036 INFO Queue empty — waiting...
2026-03-28 21:59:24,051 INFO Queue empty — waiting...
2026-03-28 21:59:54,067 INFO Queue empty — waiting...
2026-03-28 22:00:24,113 INFO Queue empty — waiting...
2026-03-28 22:00:54,132 INFO Queue empty — waiting...
2026-03-28 22:01:24,170 INFO Queue empty — waiting...
2026-03-28 22:01:54,193 INFO Queue empty — waiting...
2026-03-28 22:02:24,247 INFO Queue empty — waiting...
2026-03-28 22:02:54,268 INFO Queue empty — waiting...
2026-03-28 22:03:24,301 INFO Queue empty — waiting...
2026-03-28 22:03:54,323 INFO Queue empty — waiting...
2026-03-28 22:04:24,355 INFO Queue empty — waiting...
2026-03-28 22:04:54,374 INFO Queue empty — waiting...
2026-03-28 22:05:24,418 INFO Queue empty — waiting...
2026-03-28 22:05:54,437 INFO Queue empty — waiting...
2026-03-28 22:06:24,457 INFO Queue empty — waiting...
2026-03-28 22:06:54,474 INFO Queue empty — waiting...
2026-03-28 22:07:24,502 INFO Queue empty — waiting...
2026-03-28 22:07:54,522 INFO Queue empty — waiting...
2026-03-28 22:08:24,565 INFO Queue empty — waiting...
2026-03-28 22:08:54,585 INFO Queue empty — waiting...
2026-03-28 22:09:24,613 INFO Queue empty — waiting...
2026-03-28 22:09:54,633 INFO Queue empty — waiting...
2026-03-28 22:10:24,672 INFO Queue empty — waiting...
2026-03-28 22:10:54,689 INFO Queue empty — waiting...
2026-03-28 22:11:24,716 INFO Queue empty — waiting...
2026-03-28 22:11:54,735 INFO Queue empty — waiting...
2026-03-28 22:12:24,763 INFO Queue empty — waiting...
2026-03-28 22:12:54,784 INFO Queue empty — waiting...
2026-03-28 22:13:24,811 INFO Queue empty — waiting...
2026-03-28 22:13:54,829 INFO Queue empty — waiting...
2026-03-28 22:14:24,866 INFO Queue empty — waiting...
2026-03-28 22:14:54,889 INFO Queue empty — waiting...
2026-03-28 22:15:24,913 INFO Queue empty — waiting...
2026-03-28 22:15:54,934 INFO Queue empty — waiting...
2026-03-28 22:16:24,958 INFO Queue empty — waiting...
2026-03-28 22:16:54,982 INFO Queue empty — waiting...
2026-03-28 22:17:25,002 INFO Queue empty — waiting...
2026-03-28 22:17:55,042 INFO Queue empty — waiting...
2026-03-28 22:18:25,066 INFO Queue empty — waiting...
2026-03-28 22:18:55,086 INFO Queue empty — waiting...
2026-03-28 22:19:25,112 INFO Queue empty — waiting...
2026-03-28 22:19:55,133 INFO Queue empty — waiting...
2026-03-28 22:20:25,172 INFO Queue empty — waiting...
2026-03-28 22:20:55,190 INFO Queue empty — waiting...
2026-03-28 22:21:25,233 INFO Queue empty — waiting...
2026-03-28 22:21:55,253 INFO Queue empty — waiting...
2026-03-28 22:22:25,290 INFO Queue empty — waiting...
2026-03-28 22:22:55,311 INFO Queue empty — waiting...
2026-03-28 22:23:25,328 INFO Queue empty — waiting...
2026-03-28 22:23:55,347 INFO Queue empty — waiting...
2026-03-28 22:24:25,371 INFO Queue empty — waiting...
2026-03-28 22:24:55,389 INFO Queue empty — waiting...
2026-03-28 22:25:25,415 INFO Queue empty — waiting...
2026-03-28 22:25:55,435 INFO Queue empty — waiting...
2026-03-28 22:26:25,476 INFO Queue empty — waiting...
2026-03-28 22:26:55,493 INFO Queue empty — waiting...
2026-03-28 22:27:25,533 INFO Queue empty — waiting...
2026-03-28 22:27:55,550 INFO Queue empty — waiting...
2026-03-28 22:28:25,582 INFO Queue empty — waiting...
2026-03-28 22:28:55,602 INFO Queue empty — waiting...
2026-03-28 22:29:25,635 INFO Queue empty — waiting...
2026-03-28 22:29:55,654 INFO Queue empty — waiting...
2026-03-28 22:30:25,691 INFO Queue empty — waiting...
2026-03-28 22:30:55,710 INFO Queue empty — waiting...
2026-03-28 22:31:25,751 INFO Queue empty — waiting...
2026-03-28 22:31:55,773 INFO Queue empty — waiting...
2026-03-28 22:32:25,831 INFO Queue empty — waiting...
2026-03-28 22:32:55,846 INFO Queue empty — waiting...
2026-03-28 22:33:25,894 INFO Queue empty — waiting...
2026-03-28 22:33:55,912 INFO Queue empty — waiting...
2026-03-28 22:34:25,934 INFO Queue empty — waiting...
2026-03-28 22:34:55,950 INFO Queue empty — waiting...
2026-03-28 22:35:25,984 INFO Queue empty — waiting...
2026-03-28 22:35:56,003 INFO Queue empty — waiting...
2026-03-28 22:36:26,039 INFO Queue empty — waiting...
2026-03-28 22:36:56,060 INFO Queue empty — waiting...
2026-03-28 22:37:26,082 INFO Queue empty — waiting...
2026-03-28 22:37:56,098 INFO Queue empty — waiting...
2026-03-28 22:38:26,119 INFO Queue empty — waiting...
2026-03-28 22:38:56,139 INFO Queue empty — waiting...
2026-03-28 22:39:26,159 INFO Queue empty — waiting...
2026-03-28 22:39:56,177 INFO Queue empty — waiting...
2026-03-28 22:40:26,217 INFO Queue empty — waiting...
2026-03-28 22:40:56,234 INFO Queue empty — waiting...
2026-03-28 22:41:26,279 INFO Queue empty — waiting...
2026-03-28 22:41:56,298 INFO Queue empty — waiting...
2026-03-28 22:42:26,321 INFO Queue empty — waiting...
2026-03-28 22:42:56,343 INFO Queue empty — waiting...
2026-03-28 22:43:26,366 INFO Queue empty — waiting...
2026-03-28 22:43:56,389 INFO Queue empty — waiting...
2026-03-28 22:44:26,432 INFO Queue empty — waiting...
2026-03-28 22:44:56,450 INFO Queue empty — waiting...
2026-03-28 22:45:26,473 INFO Queue empty — waiting...
2026-03-28 22:45:56,492 INFO Queue empty — waiting...
2026-03-28 22:46:26,511 INFO Queue empty — waiting...
2026-03-28 22:46:56,532 INFO Queue empty — waiting...
2026-03-28 22:47:26,560 INFO Queue empty — waiting...
2026-03-28 22:47:56,579 INFO Queue empty — waiting...
2026-03-28 22:48:26,606 INFO Queue empty — waiting...
2026-03-28 22:48:56,624 INFO Queue empty — waiting...
2026-03-28 22:49:26,661 INFO Queue empty — waiting...
2026-03-28 22:49:56,679 INFO Queue empty — waiting...
2026-03-28 22:50:26,715 INFO Queue empty — waiting...
2026-03-28 22:50:56,731 INFO Queue empty — waiting...
2026-03-28 22:51:26,752 INFO Queue empty — waiting...
2026-03-28 22:51:56,773 INFO Queue empty — waiting...
2026-03-28 22:52:26,796 INFO Queue empty — waiting...
2026-03-28 22:52:56,815 INFO Queue empty — waiting...
2026-03-28 22:53:26,837 INFO Queue empty — waiting...
2026-03-28 22:53:56,855 INFO Queue empty — waiting...
2026-03-28 22:54:26,877 INFO Queue empty — waiting...
2026-03-28 22:54:56,895 INFO Queue empty — waiting...
2026-03-28 22:55:26,924 INFO Queue empty — waiting...
2026-03-28 22:55:56,939 INFO Queue empty — waiting...
2026-03-28 22:56:26,975 INFO Queue empty — waiting...
2026-03-28 22:56:56,998 INFO Queue empty — waiting...
2026-03-28 22:57:27,003 INFO Queue empty — waiting...
2026-03-28 22:57:57,035 INFO Queue empty — waiting...
2026-03-28 22:58:27,066 INFO Queue empty — waiting...
2026-03-28 22:58:57,083 INFO Queue empty — waiting...
2026-03-28 22:59:27,107 INFO Queue empty — waiting...
2026-03-28 22:59:57,126 INFO Queue empty — waiting...
2026-03-28 23:00:27,184 INFO Queue empty — waiting...
2026-03-28 23:00:57,205 INFO Queue empty — waiting...
2026-03-28 23:01:27,228 INFO Queue empty — waiting...
2026-03-28 23:01:57,244 INFO Queue empty — waiting...
2026-03-28 23:02:27,281 INFO Queue empty — waiting...
2026-03-28 23:02:57,302 INFO Queue empty — waiting...
2026-03-28 23:03:27,332 INFO Queue empty — waiting...
2026-03-28 23:03:57,350 INFO Queue empty — waiting...
2026-03-28 23:04:27,378 INFO Queue empty — waiting...
2026-03-28 23:04:57,400 INFO Queue empty — waiting...
2026-03-28 23:05:27,421 INFO Queue empty — waiting...
2026-03-28 23:05:57,440 INFO Queue empty — waiting...
2026-03-28 23:06:27,474 INFO Queue empty — waiting...
2026-03-28 23:06:57,498 INFO Queue empty — waiting...
2026-03-28 23:07:27,521 INFO Queue empty — waiting...
2026-03-28 23:07:57,541 INFO Queue empty — waiting...
2026-03-28 23:08:27,581 INFO Queue empty — waiting...
2026-03-28 23:08:57,603 INFO Queue empty — waiting...
2026-03-28 23:09:27,627 INFO Queue empty — waiting...
2026-03-28 23:09:57,646 INFO Queue empty — waiting...
2026-03-28 23:10:27,680 INFO Queue empty — waiting...
2026-03-28 23:10:57,701 INFO Queue empty — waiting...
2026-03-28 23:11:27,717 INFO Queue empty — waiting...
2026-03-28 23:11:57,736 INFO Queue empty — waiting...
2026-03-28 23:12:27,787 INFO Queue empty — waiting...
2026-03-28 23:12:57,806 INFO Queue empty — waiting...
2026-03-28 23:13:27,835 INFO Queue empty — waiting...
2026-03-28 23:13:57,854 INFO Queue empty — waiting...
2026-03-28 23:14:27,870 INFO Queue empty — waiting...
2026-03-28 23:14:57,890 INFO Queue empty — waiting...
2026-03-28 23:15:27,925 INFO Queue empty — waiting...
2026-03-28 23:15:57,941 INFO Queue empty — waiting...
2026-03-28 23:16:27,981 INFO Queue empty — waiting...
2026-03-28 23:16:58,001 INFO Queue empty — waiting...
2026-03-28 23:17:28,046 INFO Queue empty — waiting...
2026-03-28 23:17:58,063 INFO Queue empty — waiting...
2026-03-28 23:18:28,087 INFO Queue empty — waiting...
2026-03-28 23:18:58,106 INFO Queue empty — waiting...
2026-03-28 23:19:28,165 INFO Queue empty — waiting...
2026-03-28 23:19:58,187 INFO Queue empty — waiting...
2026-03-28 23:20:28,217 INFO Queue empty — waiting...
2026-03-28 23:20:58,235 INFO Queue empty — waiting...
2026-03-28 23:21:28,268 INFO Queue empty — waiting...
2026-03-28 23:21:58,288 INFO Queue empty — waiting...
2026-03-28 23:22:28,332 INFO Queue empty — waiting...
2026-03-28 23:22:58,350 INFO Queue empty — waiting...
2026-03-28 23:23:28,384 INFO Queue empty — waiting...
2026-03-28 23:23:58,406 INFO Queue empty — waiting...
2026-03-28 23:24:28,432 INFO Queue empty — waiting...
2026-03-28 23:24:58,453 INFO Queue empty — waiting...
2026-03-28 23:25:28,485 INFO Queue empty — waiting...
2026-03-28 23:25:58,506 INFO Queue empty — waiting...
2026-03-28 23:26:28,524 INFO Queue empty — waiting...
2026-03-28 23:26:58,546 INFO Queue empty — waiting...
2026-03-28 23:27:28,574 INFO Queue empty — waiting...
2026-03-28 23:27:58,594 INFO Queue empty — waiting...
2026-03-28 23:28:28,627 INFO Queue empty — waiting...
2026-03-28 23:28:58,645 INFO Queue empty — waiting...
2026-03-28 23:29:28,672 INFO Queue empty — waiting...
2026-03-28 23:29:58,690 INFO Queue empty — waiting...
2026-03-28 23:30:28,739 INFO Queue empty — waiting...
2026-03-28 23:30:58,758 INFO Queue empty — waiting...
2026-03-28 23:31:28,797 INFO Queue empty — waiting...
2026-03-28 23:31:58,814 INFO Queue empty — waiting...
2026-03-28 23:32:28,833 INFO Queue empty — waiting...
2026-03-28 23:32:58,850 INFO Queue empty — waiting...
2026-03-28 23:33:28,875 INFO Queue empty — waiting...
2026-03-28 23:33:58,895 INFO Queue empty — waiting...
2026-03-28 23:34:28,917 INFO Queue empty — waiting...
2026-03-28 23:34:58,931 INFO Queue empty — waiting...
2026-03-28 23:35:28,969 INFO Queue empty — waiting...
2026-03-28 23:35:58,988 INFO Queue empty — waiting...
2026-03-28 23:36:29,003 INFO Queue empty — waiting...
2026-03-28 23:36:59,028 INFO Queue empty — waiting...
2026-03-28 23:37:29,051 INFO Queue empty — waiting...
2026-03-28 23:37:59,073 INFO Queue empty — waiting...
2026-03-28 23:38:29,098 INFO Queue empty — waiting...
2026-03-28 23:38:59,118 INFO Queue empty — waiting...
2026-03-28 23:39:29,210 INFO Queue empty — waiting...
2026-03-28 23:39:59,227 INFO Queue empty — waiting...
2026-03-28 23:40:29,256 INFO Queue empty — waiting...
2026-03-28 23:40:59,273 INFO Queue empty — waiting...
2026-03-28 23:41:29,279 INFO Queue empty — waiting...
2026-03-28 23:41:59,320 INFO Queue empty — waiting...
2026-03-28 23:42:29,349 INFO Queue empty — waiting...
2026-03-28 23:42:59,367 INFO Queue empty — waiting...
2026-03-28 23:43:29,399 INFO Queue empty — waiting...
2026-03-28 23:43:59,417 INFO Queue empty — waiting...
2026-03-28 23:44:29,460 INFO Queue empty — waiting...
2026-03-28 23:44:59,483 INFO Queue empty — waiting...
2026-03-28 23:45:29,503 INFO Queue empty — waiting...
2026-03-28 23:45:59,522 INFO Queue empty — waiting...
2026-03-28 23:46:29,548 INFO Queue empty — waiting...
2026-03-28 23:46:59,569 INFO Queue empty — waiting...
2026-03-28 23:47:29,597 INFO Queue empty — waiting...
2026-03-28 23:47:59,616 INFO Queue empty — waiting...
2026-03-28 23:48:29,658 INFO Queue empty — waiting...
2026-03-28 23:48:59,677 INFO Queue empty — waiting...
2026-03-28 23:49:29,703 INFO Queue empty — waiting...
2026-03-28 23:49:59,721 INFO Queue empty — waiting...
2026-03-28 23:50:29,745 INFO Queue empty — waiting...
2026-03-28 23:50:59,748 INFO Queue empty — waiting...
2026-03-28 23:51:29,751 INFO Queue empty — waiting...
2026-03-28 23:51:59,754 INFO Queue empty — waiting...
2026-03-28 23:52:29,757 INFO Queue empty — waiting...
2026-03-28 23:52:59,761 INFO Queue empty — waiting...
2026-03-28 23:53:29,764 INFO Queue empty — waiting...
2026-03-28 23:53:59,767 INFO Queue empty — waiting...
2026-03-28 23:54:29,770 INFO Queue empty — waiting...
2026-03-28 23:54:59,772 INFO Queue empty — waiting...
2026-03-28 23:55:29,776 INFO Queue empty — waiting...
2026-03-28 23:55:59,779 INFO Queue empty — waiting...
2026-03-28 23:56:29,783 INFO Queue empty — waiting...
2026-03-28 23:56:59,786 INFO Queue empty — waiting...
2026-03-28 23:57:29,788 INFO Queue empty — waiting...
2026-03-28 23:57:59,792 INFO Queue empty — waiting...
2026-03-28 23:58:29,794 INFO Queue empty — waiting...
2026-03-28 23:58:59,798 INFO Queue empty — waiting...
2026-03-28 23:59:29,801 INFO Queue empty — waiting...
2026-03-28 23:59:59,825 INFO Queue empty — waiting...
2026-03-29 00:00:29,883 INFO Queue empty — waiting...
2026-03-29 00:00:59,905 INFO Queue empty — waiting...
2026-03-29 00:01:29,946 INFO Queue empty — waiting...
2026-03-29 00:01:59,967 INFO Queue empty — waiting...
2026-03-29 00:02:29,999 INFO Queue empty — waiting...
2026-03-29 00:03:00,005 INFO Queue empty — waiting...
2026-03-29 00:03:30,050 INFO Queue empty — waiting...
2026-03-29 00:04:00,071 INFO Queue empty — waiting...
2026-03-29 00:04:30,099 INFO Queue empty — waiting...
2026-03-29 00:05:00,130 INFO Queue empty — waiting...
2026-03-29 00:05:30,149 INFO Queue empty — waiting...
2026-03-29 00:06:00,176 INFO Queue empty — waiting...
2026-03-29 00:06:30,198 INFO Queue empty — waiting...
2026-03-29 00:07:00,234 INFO Queue empty — waiting...
2026-03-29 00:07:30,257 INFO Queue empty — waiting...
2026-03-29 00:08:00,276 INFO Queue empty — waiting...
2026-03-29 00:08:30,297 INFO Queue empty — waiting...
2026-03-29 00:09:00,319 INFO Queue empty — waiting...
2026-03-29 00:09:30,339 INFO Queue empty — waiting...
2026-03-29 00:10:00,382 INFO Queue empty — waiting...
2026-03-29 00:10:30,402 INFO Queue empty — waiting...
2026-03-29 00:11:00,422 INFO Queue empty — waiting...
2026-03-29 00:11:30,441 INFO Queue empty — waiting...
2026-03-29 00:12:00,470 INFO Queue empty — waiting...
2026-03-29 00:12:30,492 INFO Queue empty — waiting...
2026-03-29 00:13:00,516 INFO Queue empty — waiting...
2026-03-29 00:13:30,537 INFO Queue empty — waiting...
2026-03-29 00:14:00,566 INFO Queue empty — waiting...
2026-03-29 00:14:30,588 INFO Queue empty — waiting...
2026-03-29 00:15:00,609 INFO Queue empty — waiting...
2026-03-29 00:15:30,631 INFO Queue empty — waiting...
2026-03-29 00:16:00,667 INFO Queue empty — waiting...
2026-03-29 00:16:30,691 INFO Queue empty — waiting...
2026-03-29 00:17:00,720 INFO Queue empty — waiting...
2026-03-29 00:17:30,743 INFO Queue empty — waiting...
2026-03-29 00:18:00,769 INFO Queue empty — waiting...
2026-03-29 00:18:30,789 INFO Queue empty — waiting...
2026-03-29 00:19:00,830 INFO Queue empty — waiting...
2026-03-29 00:19:30,848 INFO Queue empty — waiting...
2026-03-29 00:20:00,872 INFO Queue empty — waiting...
2026-03-29 00:20:30,887 INFO Queue empty — waiting...
2026-03-29 00:21:00,912 INFO Queue empty — waiting...
2026-03-29 00:21:30,934 INFO Queue empty — waiting...
2026-03-29 00:22:00,966 INFO Queue empty — waiting...
2026-03-29 00:22:30,985 INFO Queue empty — waiting...
2026-03-29 00:23:01,002 INFO Queue empty — waiting...
2026-03-29 00:23:31,022 INFO Queue empty — waiting...
2026-03-29 00:24:01,055 INFO Queue empty — waiting...
2026-03-29 00:24:31,071 INFO Queue empty — waiting...
2026-03-29 00:25:01,092 INFO Queue empty — waiting...
2026-03-29 00:25:31,115 INFO Queue empty — waiting...
2026-03-29 00:26:01,157 INFO Queue empty — waiting...
2026-03-29 00:26:31,177 INFO Queue empty — waiting...
2026-03-29 00:27:01,193 INFO Queue empty — waiting...
2026-03-29 00:27:31,213 INFO Queue empty — waiting...
2026-03-29 00:28:01,241 INFO Queue empty — waiting...
2026-03-29 00:28:31,262 INFO Queue empty — waiting...
2026-03-29 00:29:01,305 INFO Queue empty — waiting...
2026-03-29 00:29:31,323 INFO Queue empty — waiting...
2026-03-29 00:30:01,401 INFO Queue empty — waiting...
2026-03-29 00:30:31,420 INFO Queue empty — waiting...
2026-03-29 00:31:01,443 INFO Queue empty — waiting...
2026-03-29 00:31:31,464 INFO Queue empty — waiting...
2026-03-29 00:32:01,491 INFO Queue empty — waiting...
2026-03-29 00:32:31,511 INFO Queue empty — waiting...
2026-03-29 00:33:01,540 INFO Queue empty — waiting...
2026-03-29 00:33:31,561 INFO Queue empty — waiting...
2026-03-29 00:34:01,581 INFO Queue empty — waiting...
2026-03-29 00:34:31,599 INFO Queue empty — waiting...
2026-03-29 00:35:01,619 INFO Queue empty — waiting...
2026-03-29 00:35:31,636 INFO Queue empty — waiting...
2026-03-29 00:36:01,668 INFO Queue empty — waiting...
2026-03-29 00:36:31,683 INFO Queue empty — waiting...
2026-03-29 00:37:01,704 INFO Queue empty — waiting...
2026-03-29 00:37:31,723 INFO Queue empty — waiting...
2026-03-29 00:38:01,756 INFO Queue empty — waiting...
2026-03-29 00:38:31,774 INFO Queue empty — waiting...
2026-03-29 00:39:01,806 INFO Queue empty — waiting...
2026-03-29 00:39:31,829 INFO Queue empty — waiting...
2026-03-29 00:40:01,870 INFO Queue empty — waiting...
2026-03-29 00:40:31,890 INFO Queue empty — waiting...
2026-03-29 00:41:01,905 INFO Queue empty — waiting...
2026-03-29 00:41:31,921 INFO Queue empty — waiting...
2026-03-29 00:42:01,946 INFO Queue empty — waiting...
2026-03-29 00:42:31,969 INFO Queue empty — waiting...
2026-03-29 00:43:01,984 INFO Queue empty — waiting...
2026-03-29 00:43:32,003 INFO Queue empty — waiting...
2026-03-29 00:44:02,047 INFO Queue empty — waiting...
2026-03-29 00:44:32,064 INFO Queue empty — waiting...
2026-03-29 00:45:02,088 INFO Queue empty — waiting...
2026-03-29 00:45:32,105 INFO Queue empty — waiting...
2026-03-29 00:46:02,143 INFO Queue empty — waiting...
2026-03-29 00:46:32,159 INFO Queue empty — waiting...
2026-03-29 00:47:02,180 INFO Queue empty — waiting...
2026-03-29 00:47:32,199 INFO Queue empty — waiting...
2026-03-29 00:48:02,221 INFO Queue empty — waiting...
2026-03-29 00:48:32,240 INFO Queue empty — waiting...
2026-03-29 00:49:02,283 INFO Queue empty — waiting...
2026-03-29 00:49:32,302 INFO Queue empty — waiting...
2026-03-29 00:50:02,340 INFO Queue empty — waiting...
2026-03-29 00:50:32,357 INFO Queue empty — waiting...
2026-03-29 00:51:02,377 INFO Queue empty — waiting...
2026-03-29 00:51:32,393 INFO Queue empty — waiting...
2026-03-29 00:52:02,424 INFO Queue empty — waiting...
2026-03-29 00:52:32,445 INFO Queue empty — waiting...
2026-03-29 00:53:02,475 INFO Queue empty — waiting...
2026-03-29 00:53:32,495 INFO Queue empty — waiting...
2026-03-29 00:54:02,527 INFO Queue empty — waiting...
2026-03-29 00:54:32,550 INFO Queue empty — waiting...
2026-03-29 00:55:02,570 INFO Queue empty — waiting...
2026-03-29 00:55:32,594 INFO Queue empty — waiting...
2026-03-29 00:56:02,614 INFO Queue empty — waiting...
2026-03-29 00:56:32,637 INFO Queue empty — waiting...
2026-03-29 00:57:02,672 INFO Queue empty — waiting...
2026-03-29 00:57:32,688 INFO Queue empty — waiting...
2026-03-29 00:58:02,717 INFO Queue empty — waiting...
2026-03-29 00:58:32,738 INFO Queue empty — waiting...
2026-03-29 00:59:02,782 INFO Queue empty — waiting...
2026-03-29 00:59:32,804 INFO Queue empty — waiting...
2026-03-29 01:00:02,845 INFO Queue empty — waiting...
2026-03-29 01:00:32,870 INFO Queue empty — waiting...
2026-03-29 01:01:02,891 INFO Queue empty — waiting...
2026-03-29 01:01:32,915 INFO Queue empty — waiting...
2026-03-29 01:02:02,938 INFO Queue empty — waiting...
2026-03-29 01:02:32,959 INFO Queue empty — waiting...
2026-03-29 01:03:02,987 INFO Queue empty — waiting...
2026-03-29 01:03:33,003 INFO Queue empty — waiting...
2026-03-29 01:04:03,031 INFO Queue empty — waiting...
2026-03-29 01:04:33,054 INFO Queue empty — waiting...
2026-03-29 01:05:03,092 INFO Queue empty — waiting...
2026-03-29 01:05:33,111 INFO Queue empty — waiting...
2026-03-29 01:06:03,153 INFO Queue empty — waiting...
2026-03-29 01:06:33,173 INFO Queue empty — waiting...
2026-03-29 01:07:03,200 INFO Queue empty — waiting...
2026-03-29 01:07:33,221 INFO Queue empty — waiting...
2026-03-29 01:08:03,254 INFO Queue empty — waiting...
2026-03-29 01:08:33,273 INFO Queue empty — waiting...
2026-03-29 01:09:03,292 INFO Queue empty — waiting...
2026-03-29 01:09:33,307 INFO Queue empty — waiting...
2026-03-29 01:10:03,334 INFO Queue empty — waiting...
2026-03-29 01:10:33,352 INFO Queue empty — waiting...
2026-03-29 01:11:03,391 INFO Queue empty — waiting...
2026-03-29 01:11:33,408 INFO Queue empty — waiting...
2026-03-29 01:12:03,446 INFO Queue empty — waiting...
2026-03-29 01:12:33,464 INFO Queue empty — waiting...
2026-03-29 01:13:03,496 INFO Queue empty — waiting...
2026-03-29 01:13:33,516 INFO Queue empty — waiting...
2026-03-29 01:14:03,556 INFO Queue empty — waiting...
2026-03-29 01:14:33,578 INFO Queue empty — waiting...
2026-03-29 01:15:03,606 INFO Queue empty — waiting...
2026-03-29 01:15:33,623 INFO Queue empty — waiting...
2026-03-29 01:16:03,670 INFO Queue empty — waiting...
2026-03-29 01:16:33,690 INFO Queue empty — waiting...
2026-03-29 01:17:03,709 INFO Queue empty — waiting...
2026-03-29 01:17:33,729 INFO Queue empty — waiting...
2026-03-29 01:18:03,772 INFO Queue empty — waiting...
2026-03-29 01:18:33,790 INFO Queue empty — waiting...
2026-03-29 01:19:03,815 INFO Queue empty — waiting...
2026-03-29 01:19:33,836 INFO Queue empty — waiting...
2026-03-29 01:20:03,903 INFO Queue empty — waiting...
2026-03-29 01:20:33,922 INFO Queue empty — waiting...
2026-03-29 01:21:03,953 INFO Queue empty — waiting...
2026-03-29 01:21:33,975 INFO Queue empty — waiting...
2026-03-29 01:22:04,003 INFO Queue empty — waiting...
2026-03-29 01:22:34,043 INFO Queue empty — waiting...
2026-03-29 01:23:04,062 INFO Queue empty — waiting...
2026-03-29 01:23:34,086 INFO Queue empty — waiting...
2026-03-29 01:24:04,123 INFO Queue empty — waiting...
2026-03-29 01:24:34,143 INFO Queue empty — waiting...
2026-03-29 01:25:04,160 INFO Queue empty — waiting...
2026-03-29 01:25:34,182 INFO Queue empty — waiting...
2026-03-29 01:26:04,203 INFO Queue empty — waiting...
2026-03-29 01:26:34,221 INFO Queue empty — waiting...
2026-03-29 01:27:04,248 INFO Queue empty — waiting...
2026-03-29 01:27:34,266 INFO Queue empty — waiting...
2026-03-29 01:28:04,303 INFO Queue empty — waiting...
2026-03-29 01:28:34,318 INFO Queue empty — waiting...
2026-03-29 01:29:04,348 INFO Queue empty — waiting...
2026-03-29 01:29:34,365 INFO Queue empty — waiting...
2026-03-29 01:30:04,414 INFO Queue empty — waiting...
2026-03-29 01:30:34,433 INFO Queue empty — waiting...
2026-03-29 01:31:04,471 INFO Queue empty — waiting...
2026-03-29 01:31:34,493 INFO Queue empty — waiting...
2026-03-29 01:32:04,519 INFO Queue empty — waiting...
2026-03-29 01:32:34,535 INFO Queue empty — waiting...
2026-03-29 01:33:04,565 INFO Queue empty — waiting...
2026-03-29 01:33:34,581 INFO Queue empty — waiting...
2026-03-29 01:34:04,605 INFO Queue empty — waiting...
2026-03-29 01:34:34,622 INFO Queue empty — waiting...
2026-03-29 01:35:04,654 INFO Queue empty — waiting...
2026-03-29 01:35:34,672 INFO Queue empty — waiting...
2026-03-29 01:36:04,701 INFO Queue empty — waiting...
2026-03-29 01:36:34,718 INFO Queue empty — waiting...
2026-03-29 01:37:04,765 INFO Queue empty — waiting...
2026-03-29 01:37:34,787 INFO Queue empty — waiting...
2026-03-29 01:38:04,808 INFO Queue empty — waiting...
2026-03-29 01:38:34,827 INFO Queue empty — waiting...
2026-03-29 01:39:04,854 INFO Queue empty — waiting...
2026-03-29 01:39:34,876 INFO Queue empty — waiting...
2026-03-29 01:40:04,931 INFO Queue empty — waiting...
2026-03-29 01:40:34,951 INFO Queue empty — waiting...
2026-03-29 01:41:04,971 INFO Queue empty — waiting...
2026-03-29 01:41:34,991 INFO Queue empty — waiting...
2026-03-29 01:42:05,003 INFO Queue empty — waiting...
2026-03-29 01:42:35,008 INFO Queue empty — waiting...
2026-03-29 01:43:05,018 INFO Queue empty — waiting...
2026-03-29 01:43:35,034 INFO Queue empty — waiting...
2026-03-29 01:44:05,077 INFO Queue empty — waiting...
2026-03-29 01:44:35,098 INFO Queue empty — waiting...
2026-03-29 01:45:05,132 INFO Queue empty — waiting...
2026-03-29 01:45:35,152 INFO Queue empty — waiting...
2026-03-29 01:46:05,174 INFO Queue empty — waiting...
2026-03-29 01:46:35,194 INFO Queue empty — waiting...
2026-03-29 01:47:05,234 INFO Queue empty — waiting...
2026-03-29 01:47:35,255 INFO Queue empty — waiting...
2026-03-29 01:48:05,289 INFO Queue empty — waiting...
2026-03-29 01:48:35,306 INFO Queue empty — waiting...
2026-03-29 01:49:05,341 INFO Queue empty — waiting...
2026-03-29 01:49:35,358 INFO Queue empty — waiting...
2026-03-29 01:50:05,387 INFO Queue empty — waiting...
2026-03-29 01:50:35,406 INFO Queue empty — waiting...
2026-03-29 01:51:05,423 INFO Queue empty — waiting...
2026-03-29 01:51:35,442 INFO Queue empty — waiting...
2026-03-29 01:52:05,478 INFO Queue empty — waiting...
2026-03-29 01:52:35,495 INFO Queue empty — waiting...
2026-03-29 01:53:05,518 INFO Queue empty — waiting...
2026-03-29 01:53:35,538 INFO Queue empty — waiting...
2026-03-29 01:54:05,568 INFO Queue empty — waiting...
2026-03-29 01:54:35,588 INFO Queue empty — waiting...
2026-03-29 01:55:05,614 INFO Queue empty — waiting...
2026-03-29 01:55:35,636 INFO Queue empty — waiting...
2026-03-29 01:56:05,668 INFO Queue empty — waiting...
2026-03-29 01:56:35,687 INFO Queue empty — waiting...
2026-03-29 01:57:05,713 INFO Queue empty — waiting...
2026-03-29 01:57:35,734 INFO Queue empty — waiting...
2026-03-29 01:58:05,754 INFO Queue empty — waiting...
2026-03-29 01:58:35,772 INFO Queue empty — waiting...
2026-03-29 01:59:05,800 INFO Queue empty — waiting...
2026-03-29 01:59:35,821 INFO Queue empty — waiting...
2026-03-29 02:00:05,864 INFO Queue empty — waiting...
2026-03-29 02:00:35,885 INFO Queue empty — waiting...
2026-03-29 02:01:05,918 INFO Queue empty — waiting...
2026-03-29 02:01:35,935 INFO Queue empty — waiting...
2026-03-29 02:02:05,965 INFO Queue empty — waiting...
2026-03-29 02:02:35,984 INFO Queue empty — waiting...
2026-03-29 02:03:06,003 INFO Queue empty — waiting...
2026-03-29 02:03:36,030 INFO Queue empty — waiting...
2026-03-29 02:04:06,075 INFO Queue empty — waiting...
2026-03-29 02:04:36,095 INFO Queue empty — waiting...
2026-03-29 02:05:06,144 INFO Queue empty — waiting...
2026-03-29 02:05:36,163 INFO Queue empty — waiting...
2026-03-29 02:06:06,197 INFO Queue empty — waiting...
2026-03-29 02:06:36,215 INFO Queue empty — waiting...
2026-03-29 02:07:06,237 INFO Queue empty — waiting...
2026-03-29 02:07:36,255 INFO Queue empty — waiting...
2026-03-29 02:08:06,289 INFO Queue empty — waiting...
2026-03-29 02:08:36,308 INFO Queue empty — waiting...
2026-03-29 02:09:06,330 INFO Queue empty — waiting...
2026-03-29 02:09:36,350 INFO Queue empty — waiting...
2026-03-29 02:10:06,375 INFO Queue empty — waiting...
2026-03-29 02:10:36,392 INFO Queue empty — waiting...
2026-03-29 02:11:06,414 INFO Queue empty — waiting...
2026-03-29 02:11:36,434 INFO Queue empty — waiting...
2026-03-29 02:12:06,469 INFO Queue empty — waiting...
2026-03-29 02:12:36,492 INFO Queue empty — waiting...
2026-03-29 02:13:06,517 INFO Queue empty — waiting...
2026-03-29 02:13:36,535 INFO Queue empty — waiting...
2026-03-29 02:14:06,558 INFO Queue empty — waiting...
2026-03-29 02:14:36,579 INFO Queue empty — waiting...
2026-03-29 02:15:06,626 INFO Queue empty — waiting...
2026-03-29 02:15:36,645 INFO Queue empty — waiting...
2026-03-29 02:16:06,670 INFO Queue empty — waiting...
2026-03-29 02:16:36,688 INFO Queue empty — waiting...
2026-03-29 02:17:06,724 INFO Queue empty — waiting...
2026-03-29 02:17:36,746 INFO Queue empty — waiting...
2026-03-29 02:18:06,779 INFO Queue empty — waiting...
2026-03-29 02:18:36,802 INFO Queue empty — waiting...
2026-03-29 02:19:06,827 INFO Queue empty — waiting...
2026-03-29 02:19:36,845 INFO Queue empty — waiting...
2026-03-29 02:20:06,866 INFO Queue empty — waiting...
2026-03-29 02:20:36,888 INFO Queue empty — waiting...
2026-03-29 02:21:06,917 INFO Queue empty — waiting...
2026-03-29 02:21:36,936 INFO Queue empty — waiting...
2026-03-29 02:22:06,960 INFO Queue empty — waiting...
2026-03-29 02:22:36,979 INFO Queue empty — waiting...
2026-03-29 02:23:07,003 INFO Queue empty — waiting...
2026-03-29 02:23:37,006 INFO Queue empty — waiting...
2026-03-29 02:24:07,070 INFO Queue empty — waiting...
2026-03-29 02:24:37,087 INFO Queue empty — waiting...
2026-03-29 02:25:07,108 INFO Queue empty — waiting...
2026-03-29 02:25:37,126 INFO Queue empty — waiting...
2026-03-29 02:26:07,165 INFO Queue empty — waiting...
2026-03-29 02:26:37,183 INFO Queue empty — waiting...
2026-03-29 02:27:07,204 INFO Queue empty — waiting...
2026-03-29 02:27:37,223 INFO Queue empty — waiting...
2026-03-29 02:28:07,246 INFO Queue empty — waiting...
2026-03-29 02:28:37,268 INFO Queue empty — waiting...
2026-03-29 02:29:07,308 INFO Queue empty — waiting...
2026-03-29 02:29:37,326 INFO Queue empty — waiting...
2026-03-29 02:30:07,350 INFO Queue empty — waiting...
2026-03-29 02:30:37,368 INFO Queue empty — waiting...
2026-03-29 02:31:07,392 INFO Queue empty — waiting...
2026-03-29 02:31:37,413 INFO Queue empty — waiting...
2026-03-29 02:32:07,454 INFO Queue empty — waiting...
2026-03-29 02:32:37,473 INFO Queue empty — waiting...
2026-03-29 02:33:07,503 INFO Queue empty — waiting...
2026-03-29 02:33:37,523 INFO Queue empty — waiting...
2026-03-29 02:34:07,546 INFO Queue empty — waiting...
2026-03-29 02:34:37,564 INFO Queue empty — waiting...
2026-03-29 02:35:07,593 INFO Queue empty — waiting...
2026-03-29 02:35:37,651 INFO Queue empty — waiting...
2026-03-29 02:36:07,685 INFO Queue empty — waiting...
2026-03-29 02:36:37,708 INFO Queue empty — waiting...
2026-03-29 02:37:07,731 INFO Queue empty — waiting...
2026-03-29 02:37:37,752 INFO Queue empty — waiting...
2026-03-29 02:38:07,801 INFO Queue empty — waiting...
2026-03-29 02:38:37,820 INFO Queue empty — waiting...
2026-03-29 02:39:07,857 INFO Queue empty — waiting...
2026-03-29 02:39:37,876 INFO Queue empty — waiting...
2026-03-29 02:40:07,918 INFO Queue empty — waiting...
2026-03-29 02:40:37,941 INFO Queue empty — waiting...
2026-03-29 02:41:07,986 INFO Queue empty — waiting...
2026-03-29 02:41:38,003 INFO Queue empty — waiting...
2026-03-29 02:42:08,034 INFO Queue empty — waiting...
2026-03-29 02:42:38,057 INFO Queue empty — waiting...
2026-03-29 02:43:08,080 INFO Queue empty — waiting...
2026-03-29 02:43:38,097 INFO Queue empty — waiting...
2026-03-29 02:44:08,131 INFO Queue empty — waiting...
2026-03-29 02:44:38,149 INFO Queue empty — waiting...
2026-03-29 02:45:08,189 INFO Queue empty — waiting...
2026-03-29 02:45:38,206 INFO Queue empty — waiting...
2026-03-29 02:46:08,231 INFO Queue empty — waiting...
2026-03-29 02:46:38,249 INFO Queue empty — waiting...
2026-03-29 02:47:08,285 INFO Queue empty — waiting...
2026-03-29 02:47:38,304 INFO Queue empty — waiting...
2026-03-29 02:48:08,327 INFO Queue empty — waiting...
2026-03-29 02:48:38,334 INFO Queue empty — waiting...
2026-03-29 02:49:08,340 INFO Queue empty — waiting...
2026-03-29 02:49:38,346 INFO Queue empty — waiting...
2026-03-29 02:50:08,352 INFO Queue empty — waiting...
2026-03-29 02:50:38,358 INFO Queue empty — waiting...
2026-03-29 02:51:08,364 INFO Queue empty — waiting...
2026-03-29 02:51:38,371 INFO Queue empty — waiting...
2026-03-29 02:52:08,377 INFO Queue empty — waiting...
2026-03-29 02:52:38,383 INFO Queue empty — waiting...
2026-03-29 02:53:08,389 INFO Queue empty — waiting...
2026-03-29 02:53:38,395 INFO Queue empty — waiting...
2026-03-29 02:54:08,402 INFO Queue empty — waiting...
2026-03-29 02:54:38,408 INFO Queue empty — waiting...
2026-03-29 02:55:08,414 INFO Queue empty — waiting...
2026-03-29 02:55:38,421 INFO Queue empty — waiting...
2026-03-29 02:56:08,427 INFO Queue empty — waiting...
2026-03-29 02:56:38,433 INFO Queue empty — waiting...
2026-03-29 02:57:08,440 INFO Queue empty — waiting...
2026-03-29 02:57:38,446 INFO Queue empty — waiting...
2026-03-29 02:58:08,452 INFO Queue empty — waiting...
2026-03-29 02:58:38,458 INFO Queue empty — waiting...
2026-03-29 02:59:08,464 INFO Queue empty — waiting...
2026-03-29 02:59:38,471 INFO Queue empty — waiting...
2026-03-29 03:00:08,477 INFO Queue empty — waiting...
2026-03-29 03:00:38,483 INFO Queue empty — waiting...
2026-03-29 03:01:08,489 INFO Queue empty — waiting...
2026-03-29 03:01:38,495 INFO Queue empty — waiting...
2026-03-29 03:02:08,501 INFO Queue empty — waiting...
2026-03-29 03:02:38,507 INFO Queue empty — waiting...
2026-03-29 03:03:08,513 INFO Queue empty — waiting...
2026-03-29 03:03:38,519 INFO Queue empty — waiting...
2026-03-29 03:04:08,525 INFO Queue empty — waiting...
2026-03-29 03:04:38,532 INFO Queue empty — waiting...
2026-03-29 03:05:08,538 INFO Queue empty — waiting...
2026-03-29 03:05:38,547 INFO Queue empty — waiting...
2026-03-29 03:06:08,554 INFO Queue empty — waiting...
2026-03-29 03:06:38,560 INFO Queue empty — waiting...
2026-03-29 03:07:08,570 INFO Queue empty — waiting...
2026-03-29 03:07:38,576 INFO Queue empty — waiting...
2026-03-29 03:08:08,582 INFO Queue empty — waiting...
2026-03-29 03:08:38,588 INFO Queue empty — waiting...
2026-03-29 03:09:08,598 INFO Queue empty — waiting...
2026-03-29 03:09:38,604 INFO Queue empty — waiting...
2026-03-29 03:10:08,610 INFO Queue empty — waiting...
2026-03-29 03:10:38,616 INFO Queue empty — waiting...
2026-03-29 03:11:08,622 INFO Queue empty — waiting...
2026-03-29 03:11:38,628 INFO Queue empty — waiting...
2026-03-29 03:12:08,634 INFO Queue empty — waiting...
2026-03-29 03:12:38,641 INFO Queue empty — waiting...
2026-03-29 03:13:08,647 INFO Queue empty — waiting...
2026-03-29 03:13:38,653 INFO Queue empty — waiting...
2026-03-29 03:14:08,660 INFO Queue empty — waiting...
2026-03-29 03:14:38,666 INFO Queue empty — waiting...
2026-03-29 03:15:08,672 INFO Queue empty — waiting...
2026-03-29 03:15:38,679 INFO Queue empty — waiting...
2026-03-29 03:16:08,685 INFO Queue empty — waiting...
2026-03-29 03:16:38,691 INFO Queue empty — waiting...
2026-03-29 03:17:08,698 INFO Queue empty — waiting...
2026-03-29 03:17:38,704 INFO Queue empty — waiting...
2026-03-29 03:18:08,710 INFO Queue empty — waiting...
2026-03-29 03:18:38,716 INFO Queue empty — waiting...
2026-03-29 03:19:08,722 INFO Queue empty — waiting...
2026-03-29 03:19:38,728 INFO Queue empty — waiting...
2026-03-29 03:20:08,734 INFO Queue empty — waiting...
2026-03-29 03:20:38,741 INFO Queue empty — waiting...
2026-03-29 03:21:08,747 INFO Queue empty — waiting...
2026-03-29 03:21:38,753 INFO Queue empty — waiting...
2026-03-29 03:22:08,759 INFO Queue empty — waiting...
2026-03-29 03:22:38,765 INFO Queue empty — waiting...
2026-03-29 03:23:08,772 INFO Queue empty — waiting...
2026-03-29 03:23:38,778 INFO Queue empty — waiting...
2026-03-29 03:24:08,785 INFO Queue empty — waiting...
2026-03-29 03:24:38,791 INFO Queue empty — waiting...
2026-03-29 03:25:08,797 INFO Queue empty — waiting...
2026-03-29 03:25:38,803 INFO Queue empty — waiting...
2026-03-29 03:26:08,811 INFO Queue empty — waiting...
2026-03-29 03:26:38,815 INFO Queue empty — waiting...
2026-03-29 03:27:08,823 INFO Queue empty — waiting...
2026-03-29 03:27:38,827 INFO Queue empty — waiting...
2026-03-29 03:28:08,835 INFO Queue empty — waiting...
2026-03-29 03:28:38,839 INFO Queue empty — waiting...
2026-03-29 03:29:08,848 INFO Queue empty — waiting...
2026-03-29 03:29:38,851 INFO Queue empty — waiting...
2026-03-29 03:30:08,859 INFO Queue empty — waiting...
2026-03-29 03:30:38,863 INFO Queue empty — waiting...
2026-03-29 03:31:08,872 INFO Queue empty — waiting...
2026-03-29 03:31:38,876 INFO Queue empty — waiting...
2026-03-29 03:32:08,881 INFO Queue empty — waiting...
2026-03-29 03:32:38,888 INFO Queue empty — waiting...
2026-03-29 03:33:08,897 INFO Queue empty — waiting...
2026-03-29 03:33:38,900 INFO Queue empty — waiting...
2026-03-29 03:34:08,907 INFO Queue empty — waiting...
2026-03-29 03:34:38,913 INFO Queue empty — waiting...
2026-03-29 03:35:08,921 INFO Queue empty — waiting...
2026-03-29 03:35:38,925 INFO Queue empty — waiting...
2026-03-29 03:36:08,931 INFO Queue empty — waiting...
2026-03-29 03:36:38,938 INFO Queue empty — waiting...
2026-03-29 03:37:08,944 INFO Queue empty — waiting...
2026-03-29 03:37:38,951 INFO Queue empty — waiting...
2026-03-29 03:38:08,957 INFO Queue empty — waiting...
2026-03-29 03:38:38,963 INFO Queue empty — waiting...
2026-03-29 03:39:08,969 INFO Queue empty — waiting...
2026-03-29 03:39:38,976 INFO Queue empty — waiting...
2026-03-29 03:40:08,982 INFO Queue empty — waiting...
2026-03-29 03:40:38,988 INFO Queue empty — waiting...
2026-03-29 03:41:08,995 INFO Queue empty — waiting...
2026-03-29 03:41:39,001 INFO Queue empty — waiting...
2026-03-29 03:42:09,009 INFO Queue empty — waiting...
2026-03-29 03:42:39,013 INFO Queue empty — waiting...
2026-03-29 03:43:09,021 INFO Queue empty — waiting...
2026-03-29 03:43:39,027 INFO Queue empty — waiting...
2026-03-29 03:44:09,033 INFO Queue empty — waiting...
2026-03-29 03:44:39,040 INFO Queue empty — waiting...
2026-03-29 03:45:09,046 INFO Queue empty — waiting...
2026-03-29 03:45:39,053 INFO Queue empty — waiting...
2026-03-29 03:46:09,059 INFO Queue empty — waiting...
2026-03-29 03:46:39,065 INFO Queue empty — waiting...
2026-03-29 03:47:09,071 INFO Queue empty — waiting...
2026-03-29 03:47:39,077 INFO Queue empty — waiting...
2026-03-29 03:48:09,083 INFO Queue empty — waiting...
2026-03-29 03:48:39,089 INFO Queue empty — waiting...
2026-03-29 03:49:09,095 INFO Queue empty — waiting...
2026-03-29 03:49:39,101 INFO Queue empty — waiting...
2026-03-29 03:50:09,107 INFO Queue empty — waiting...
2026-03-29 03:50:39,113 INFO Queue empty — waiting...
2026-03-29 03:51:09,120 INFO Queue empty — waiting...
2026-03-29 03:51:39,126 INFO Queue empty — waiting...
2026-03-29 03:52:09,132 INFO Queue empty — waiting...
2026-03-29 03:52:39,148 INFO Queue empty — waiting...
2026-03-29 03:53:09,154 INFO Queue empty — waiting...
2026-03-29 03:53:39,166 INFO Queue empty — waiting...
2026-03-29 03:54:09,178 INFO Queue empty — waiting...
2026-03-29 03:54:39,184 INFO Queue empty — waiting...
2026-03-29 03:55:09,190 INFO Queue empty — waiting...
2026-03-29 03:55:39,196 INFO Queue empty — waiting...
2026-03-29 03:56:09,206 INFO Queue empty — waiting...
2026-03-29 03:56:39,212 INFO Queue empty — waiting...
2026-03-29 03:57:09,221 INFO Queue empty — waiting...
2026-03-29 03:57:39,224 INFO Queue empty — waiting...
2026-03-29 03:58:09,236 INFO Queue empty — waiting...
2026-03-29 03:58:39,242 INFO Queue empty — waiting...
2026-03-29 03:59:09,249 INFO Queue empty — waiting...
2026-03-29 03:59:39,255 INFO Queue empty — waiting...
2026-03-29 04:00:09,263 INFO Queue empty — waiting...
2026-03-29 04:00:39,269 INFO Queue empty — waiting...
2026-03-29 04:01:09,279 INFO Queue empty — waiting...
2026-03-29 04:01:39,285 INFO Queue empty — waiting...
2026-03-29 04:02:09,293 INFO Queue empty — waiting...
2026-03-29 04:02:39,299 INFO Queue empty — waiting...
2026-03-29 04:03:09,306 INFO Queue empty — waiting...
2026-03-29 04:03:39,311 INFO Queue empty — waiting...
2026-03-29 04:04:09,320 INFO Queue empty — waiting...
2026-03-29 04:04:39,324 INFO Queue empty — waiting...
2026-03-29 04:05:09,332 INFO Queue empty — waiting...
2026-03-29 04:05:39,335 INFO Queue empty — waiting...
2026-03-29 04:06:09,344 INFO Queue empty — waiting...
2026-03-29 04:06:39,347 INFO Queue empty — waiting...
2026-03-29 04:07:09,364 INFO Queue empty — waiting...
2026-03-29 04:07:39,369 INFO Queue empty — waiting...
2026-03-29 04:08:09,377 INFO Queue empty — waiting...
2026-03-29 04:08:39,381 INFO Queue empty — waiting...
2026-03-29 04:09:09,389 INFO Queue empty — waiting...
2026-03-29 04:09:39,393 INFO Queue empty — waiting...
2026-03-29 04:10:09,402 INFO Queue empty — waiting...
2026-03-29 04:10:39,405 INFO Queue empty — waiting...
2026-03-29 04:11:09,414 INFO Queue empty — waiting...
2026-03-29 04:11:39,418 INFO Queue empty — waiting...
2026-03-29 04:12:09,426 INFO Queue empty — waiting...
2026-03-29 04:12:39,430 INFO Queue empty — waiting...
2026-03-29 04:13:09,438 INFO Queue empty — waiting...
2026-03-29 04:13:39,442 INFO Queue empty — waiting...
2026-03-29 04:14:09,448 INFO Queue empty — waiting...
2026-03-29 04:14:39,454 INFO Queue empty — waiting...
2026-03-29 04:15:09,462 INFO Queue empty — waiting...
2026-03-29 04:15:39,466 INFO Queue empty — waiting...
2026-03-29 04:16:09,474 INFO Queue empty — waiting...
2026-03-29 04:16:39,478 INFO Queue empty — waiting...
2026-03-29 04:17:09,486 INFO Queue empty — waiting...
2026-03-29 04:17:39,490 INFO Queue empty — waiting...
2026-03-29 04:18:09,499 INFO Queue empty — waiting...
2026-03-29 04:18:39,502 INFO Queue empty — waiting...
2026-03-29 04:19:09,510 INFO Queue empty — waiting...
2026-03-29 04:19:39,514 INFO Queue empty — waiting...
2026-03-29 04:20:09,519 INFO Queue empty — waiting...
2026-03-29 04:20:39,526 INFO Queue empty — waiting...
2026-03-29 04:21:09,535 INFO Queue empty — waiting...
2026-03-29 04:21:39,538 INFO Queue empty — waiting...
2026-03-29 04:22:09,547 INFO Queue empty — waiting...
2026-03-29 04:22:39,550 INFO Queue empty — waiting...
2026-03-29 04:23:09,558 INFO Queue empty — waiting...
2026-03-29 04:23:39,562 INFO Queue empty — waiting...
2026-03-29 04:24:09,570 INFO Queue empty — waiting...
2026-03-29 04:24:39,575 INFO Queue empty — waiting...
2026-03-29 04:25:09,583 INFO Queue empty — waiting...
2026-03-29 04:25:39,587 INFO Queue empty — waiting...
2026-03-29 04:26:09,595 INFO Queue empty — waiting...
2026-03-29 04:26:39,599 INFO Queue empty — waiting...
2026-03-29 04:27:09,607 INFO Queue empty — waiting...
2026-03-29 04:27:39,611 INFO Queue empty — waiting...
2026-03-29 04:28:09,619 INFO Queue empty — waiting...
2026-03-29 04:28:39,622 INFO Queue empty — waiting...
2026-03-29 04:29:09,631 INFO Queue empty — waiting...
2026-03-29 04:29:39,634 INFO Queue empty — waiting...
2026-03-29 04:30:09,643 INFO Queue empty — waiting...
2026-03-29 04:30:39,647 INFO Queue empty — waiting...
2026-03-29 04:31:09,655 INFO Queue empty — waiting...
2026-03-29 04:31:39,659 INFO Queue empty — waiting...
2026-03-29 04:32:09,668 INFO Queue empty — waiting...
2026-03-29 04:32:39,672 INFO Queue empty — waiting...
2026-03-29 04:33:09,680 INFO Queue empty — waiting...
2026-03-29 04:33:39,684 INFO Queue empty — waiting...
2026-03-29 04:34:09,692 INFO Queue empty — waiting...
2026-03-29 04:34:39,696 INFO Queue empty — waiting...
2026-03-29 04:35:09,704 INFO Queue empty — waiting...
2026-03-29 04:35:39,708 INFO Queue empty — waiting...
2026-03-29 04:36:09,716 INFO Queue empty — waiting...
2026-03-29 04:36:39,720 INFO Queue empty — waiting...
2026-03-29 04:37:09,728 INFO Queue empty — waiting...
2026-03-29 04:37:39,732 INFO Queue empty — waiting...
2026-03-29 04:38:09,735 INFO Queue empty — waiting...
2026-03-29 04:38:39,745 INFO Queue empty — waiting...
2026-03-29 04:39:09,753 INFO Queue empty — waiting...
2026-03-29 04:39:39,757 INFO Queue empty — waiting...
2026-03-29 04:40:09,765 INFO Queue empty — waiting...
2026-03-29 04:40:39,770 INFO Queue empty — waiting...
2026-03-29 04:41:09,781 INFO Queue empty — waiting...
2026-03-29 04:41:39,785 INFO Queue empty — waiting...
2026-03-29 04:42:09,793 INFO Queue empty — waiting...
2026-03-29 04:42:39,797 INFO Queue empty — waiting...
2026-03-29 04:43:09,815 INFO Queue empty — waiting...
2026-03-29 04:43:39,819 INFO Queue empty — waiting...
2026-03-29 04:44:09,827 INFO Queue empty — waiting...
2026-03-29 04:44:39,831 INFO Queue empty — waiting...
2026-03-29 04:45:09,839 INFO Queue empty — waiting...
2026-03-29 04:45:39,842 INFO Queue empty — waiting...
2026-03-29 04:46:09,846 INFO Queue empty — waiting...
2026-03-29 04:46:39,864 INFO Queue empty — waiting...
2026-03-29 04:47:09,873 INFO Queue empty — waiting...
2026-03-29 04:47:39,877 INFO Queue empty — waiting...
2026-03-29 04:48:09,885 INFO Queue empty — waiting...
2026-03-29 04:48:39,889 INFO Queue empty — waiting...
2026-03-29 04:49:09,898 INFO Queue empty — waiting...
2026-03-29 04:49:39,901 INFO Queue empty — waiting...
2026-03-29 04:50:09,909 INFO Queue empty — waiting...
2026-03-29 04:50:39,913 INFO Queue empty — waiting...
2026-03-29 04:51:09,921 INFO Queue empty — waiting...
2026-03-29 04:51:39,925 INFO Queue empty — waiting...
2026-03-29 04:52:09,933 INFO Queue empty — waiting...
2026-03-29 04:52:39,937 INFO Queue empty — waiting...
2026-03-29 04:53:09,945 INFO Queue empty — waiting...
2026-03-29 04:53:39,949 INFO Queue empty — waiting...
2026-03-29 04:54:09,961 INFO Queue empty — waiting...
2026-03-29 04:54:39,965 INFO Queue empty — waiting...
2026-03-29 04:55:09,973 INFO Queue empty — waiting...
2026-03-29 04:55:39,977 INFO Queue empty — waiting...
2026-03-29 04:56:09,986 INFO Queue empty — waiting...
2026-03-29 04:56:39,990 INFO Queue empty — waiting...
2026-03-29 04:57:09,998 INFO Queue empty — waiting...
2026-03-29 04:57:40,003 INFO Queue empty — waiting...
2026-03-29 04:58:10,027 INFO Queue empty — waiting...
2026-03-29 04:58:40,033 INFO Queue empty — waiting...
2026-03-29 04:59:10,041 INFO Queue empty — waiting...
2026-03-29 04:59:40,047 INFO Queue empty — waiting...
2026-03-29 05:00:10,055 INFO Queue empty — waiting...
2026-03-29 05:00:40,064 INFO Queue empty — waiting...
2026-03-29 05:01:10,073 INFO Queue empty — waiting...
2026-03-29 05:01:40,078 INFO Queue empty — waiting...
2026-03-29 05:02:10,095 INFO Queue empty — waiting...
2026-03-29 05:02:40,105 INFO Queue empty — waiting...
2026-03-29 05:03:10,114 INFO Queue empty — waiting...
2026-03-29 05:03:40,127 INFO Queue empty — waiting...
2026-03-29 05:04:10,135 INFO Queue empty — waiting...
2026-03-29 05:04:40,140 INFO Queue empty — waiting...
2026-03-29 05:05:10,149 INFO Queue empty — waiting...
2026-03-29 05:05:40,154 INFO Queue empty — waiting...
2026-03-29 05:06:10,162 INFO Queue empty — waiting...
2026-03-29 05:06:40,167 INFO Queue empty — waiting...
2026-03-29 05:07:10,176 INFO Queue empty — waiting...
2026-03-29 05:07:40,182 INFO Queue empty — waiting...
2026-03-29 05:08:10,191 INFO Queue empty — waiting...
2026-03-29 05:08:40,194 INFO Queue empty — waiting...
2026-03-29 05:09:10,203 INFO Queue empty — waiting...
2026-03-29 05:09:40,206 INFO Queue empty — waiting...
2026-03-29 05:10:10,216 INFO Queue empty — waiting...
2026-03-29 05:10:40,220 INFO Queue empty — waiting...
2026-03-29 05:11:10,234 INFO Queue empty — waiting...
2026-03-29 05:11:40,245 INFO Queue empty — waiting...
2026-03-29 05:12:10,253 INFO Queue empty — waiting...
2026-03-29 05:12:40,258 INFO Queue empty — waiting...
2026-03-29 05:13:10,266 INFO Queue empty — waiting...
2026-03-29 05:13:40,269 INFO Queue empty — waiting...
2026-03-29 05:14:10,277 INFO Queue empty — waiting...
2026-03-29 05:14:40,281 INFO Queue empty — waiting...
2026-03-29 05:15:10,290 INFO Queue empty — waiting...
2026-03-29 05:15:40,293 INFO Queue empty — waiting...
2026-03-29 05:16:10,299 INFO Queue empty — waiting...
2026-03-29 05:16:40,305 INFO Queue empty — waiting...
2026-03-29 05:17:10,316 INFO Queue empty — waiting...
2026-03-29 05:17:40,323 INFO Queue empty — waiting...
2026-03-29 05:18:10,329 INFO Queue empty — waiting...
2026-03-29 05:18:40,335 INFO Queue empty — waiting...
2026-03-29 05:19:10,341 INFO Queue empty — waiting...
2026-03-29 05:19:40,347 INFO Queue empty — waiting...
2026-03-29 05:20:10,353 INFO Queue empty — waiting...
2026-03-29 05:20:40,360 INFO Queue empty — waiting...
2026-03-29 05:21:10,366 INFO Queue empty — waiting...
2026-03-29 05:21:40,372 INFO Queue empty — waiting...
2026-03-29 05:22:10,378 INFO Queue empty — waiting...
2026-03-29 05:22:40,384 INFO Queue empty — waiting...
2026-03-29 05:23:10,389 INFO Queue empty — waiting...
2026-03-29 05:23:40,396 INFO Queue empty — waiting...
2026-03-29 05:24:10,402 INFO Queue empty — waiting...
2026-03-29 05:24:40,408 INFO Queue empty — waiting...
2026-03-29 05:25:10,414 INFO Queue empty — waiting...
2026-03-29 05:25:40,420 INFO Queue empty — waiting...
2026-03-29 05:26:10,427 INFO Queue empty — waiting...
2026-03-29 05:26:40,433 INFO Queue empty — waiting...
2026-03-29 05:27:10,438 INFO Queue empty — waiting...
2026-03-29 05:27:40,444 INFO Queue empty — waiting...
2026-03-29 05:28:10,450 INFO Queue empty — waiting...
2026-03-29 05:28:40,456 INFO Queue empty — waiting...
2026-03-29 05:29:10,462 INFO Queue empty — waiting...
2026-03-29 05:29:40,468 INFO Queue empty — waiting...
2026-03-29 05:30:10,474 INFO Queue empty — waiting...
2026-03-29 05:30:40,480 INFO Queue empty — waiting...
2026-03-29 05:31:10,486 INFO Queue empty — waiting...
2026-03-29 05:31:40,492 INFO Queue empty — waiting...
2026-03-29 05:32:10,498 INFO Queue empty — waiting...
2026-03-29 05:32:40,504 INFO Queue empty — waiting...
2026-03-29 05:33:10,510 INFO Queue empty — waiting...
2026-03-29 05:33:40,516 INFO Queue empty — waiting...
2026-03-29 05:34:10,522 INFO Queue empty — waiting...
2026-03-29 05:34:40,528 INFO Queue empty — waiting...
2026-03-29 05:35:10,534 INFO Queue empty — waiting...
2026-03-29 05:35:40,539 INFO Queue empty — waiting...
2026-03-29 05:36:10,545 INFO Queue empty — waiting...
2026-03-29 05:36:40,552 INFO Queue empty — waiting...
2026-03-29 05:37:10,558 INFO Queue empty — waiting...
2026-03-29 05:37:40,564 INFO Queue empty — waiting...
2026-03-29 05:38:10,570 INFO Queue empty — waiting...
2026-03-29 05:38:40,575 INFO Queue empty — waiting...
2026-03-29 05:39:10,581 INFO Queue empty — waiting...
2026-03-29 05:39:40,587 INFO Queue empty — waiting...
2026-03-29 05:40:10,594 INFO Queue empty — waiting...
2026-03-29 05:40:40,599 INFO Queue empty — waiting...
2026-03-29 05:41:10,606 INFO Queue empty — waiting...
2026-03-29 05:41:40,612 INFO Queue empty — waiting...
2026-03-29 05:42:10,618 INFO Queue empty — waiting...
2026-03-29 05:42:40,624 INFO Queue empty — waiting...
2026-03-29 05:43:10,631 INFO Queue empty — waiting...
2026-03-29 05:43:40,636 INFO Queue empty — waiting...
2026-03-29 05:44:10,643 INFO Queue empty — waiting...
2026-03-29 05:44:40,649 INFO Queue empty — waiting...
2026-03-29 05:45:10,655 INFO Queue empty — waiting...
2026-03-29 05:45:40,661 INFO Queue empty — waiting...
2026-03-29 05:46:10,667 INFO Queue empty — waiting...
2026-03-29 05:46:40,670 INFO Queue empty — waiting...
2026-03-29 05:47:10,679 INFO Queue empty — waiting...
2026-03-29 05:47:40,685 INFO Queue empty — waiting...
2026-03-29 05:48:10,691 INFO Queue empty — waiting...
2026-03-29 05:48:40,696 INFO Queue empty — waiting...
2026-03-29 05:49:10,702 INFO Queue empty — waiting...
2026-03-29 05:49:40,709 INFO Queue empty — waiting...
2026-03-29 05:50:10,715 INFO Queue empty — waiting...
2026-03-29 05:50:40,721 INFO Queue empty — waiting...
2026-03-29 05:51:10,727 INFO Queue empty — waiting...
2026-03-29 05:51:40,733 INFO Queue empty — waiting...
2026-03-29 05:52:10,739 INFO Queue empty — waiting...
2026-03-29 05:52:40,746 INFO Queue empty — waiting...
2026-03-29 05:53:10,752 INFO Queue empty — waiting...
2026-03-29 05:53:40,757 INFO Queue empty — waiting...
2026-03-29 05:54:10,763 INFO Queue empty — waiting...
2026-03-29 05:54:40,769 INFO Queue empty — waiting...
2026-03-29 05:55:10,775 INFO Queue empty — waiting...
2026-03-29 05:55:40,781 INFO Queue empty — waiting...
2026-03-29 05:56:10,787 INFO Queue empty — waiting...
2026-03-29 05:56:40,793 INFO Queue empty — waiting...
2026-03-29 05:57:10,799 INFO Queue empty — waiting...
2026-03-29 05:57:40,805 INFO Queue empty — waiting...
2026-03-29 05:58:10,813 INFO Queue empty — waiting...
2026-03-29 05:58:40,818 INFO Queue empty — waiting...
2026-03-29 05:59:10,824 INFO Queue empty — waiting...
2026-03-29 05:59:40,830 INFO Queue empty — waiting...
2026-03-29 06:00:10,836 INFO Queue empty — waiting...
2026-03-29 06:00:40,843 INFO Queue empty — waiting...
2026-03-29 06:01:10,847 INFO Queue empty — waiting...
2026-03-29 06:01:40,855 INFO Queue empty — waiting...
2026-03-29 06:02:10,859 INFO Queue empty — waiting...
2026-03-29 06:02:40,867 INFO Queue empty — waiting...
2026-03-29 06:03:10,870 INFO Queue empty — waiting...
2026-03-29 06:03:40,878 INFO Queue empty — waiting...
2026-03-29 06:04:10,882 INFO Queue empty — waiting...
2026-03-29 06:04:40,890 INFO Queue empty — waiting...
2026-03-29 06:05:10,894 INFO Queue empty — waiting...
2026-03-29 06:05:40,902 INFO Queue empty — waiting...
2026-03-29 06:06:10,905 INFO Queue empty — waiting...
2026-03-29 06:06:40,914 INFO Queue empty — waiting...
2026-03-29 06:07:10,917 INFO Queue empty — waiting...
2026-03-29 06:07:40,926 INFO Queue empty — waiting...
2026-03-29 06:08:10,929 INFO Queue empty — waiting...
2026-03-29 06:08:40,938 INFO Queue empty — waiting...
2026-03-29 06:09:10,941 INFO Queue empty — waiting...
2026-03-29 06:09:40,948 INFO Queue empty — waiting...
2026-03-29 06:10:10,953 INFO Queue empty — waiting...
2026-03-29 06:10:40,961 INFO Queue empty — waiting...
2026-03-29 06:11:10,965 INFO Queue empty — waiting...
2026-03-29 06:11:40,974 INFO Queue empty — waiting...
2026-03-29 06:12:10,977 INFO Queue empty — waiting...
2026-03-29 06:12:40,986 INFO Queue empty — waiting...
2026-03-29 06:13:10,989 INFO Queue empty — waiting...
2026-03-29 06:13:40,997 INFO Queue empty — waiting...
2026-03-29 06:14:11,001 INFO Queue empty — waiting...
2026-03-29 06:14:41,011 INFO Queue empty — waiting...
2026-03-29 06:15:11,015 INFO Queue empty — waiting...
2026-03-29 06:15:41,023 INFO Queue empty — waiting...
2026-03-29 06:16:11,026 INFO Queue empty — waiting...
2026-03-29 06:16:41,035 INFO Queue empty — waiting...
2026-03-29 06:17:11,039 INFO Queue empty — waiting...
2026-03-29 06:17:41,047 INFO Queue empty — waiting...
2026-03-29 06:18:11,051 INFO Queue empty — waiting...
2026-03-29 06:18:41,058 INFO Queue empty — waiting...
2026-03-29 06:19:11,062 INFO Queue empty — waiting...
2026-03-29 06:19:41,071 INFO Queue empty — waiting...
2026-03-29 06:20:11,074 INFO Queue empty — waiting...
2026-03-29 06:20:41,082 INFO Queue empty — waiting...
2026-03-29 06:21:11,086 INFO Queue empty — waiting...
2026-03-29 06:21:41,094 INFO Queue empty — waiting...
2026-03-29 06:22:11,098 INFO Queue empty — waiting...
2026-03-29 06:22:41,112 INFO Queue empty — waiting...
2026-03-29 06:23:11,115 INFO Queue empty — waiting...
2026-03-29 06:23:41,123 INFO Queue empty — waiting...
2026-03-29 06:24:11,127 INFO Queue empty — waiting...
2026-03-29 06:24:41,136 INFO Queue empty — waiting...
2026-03-29 06:25:11,140 INFO Queue empty — waiting...
2026-03-29 06:25:41,147 INFO Queue empty — waiting...
2026-03-29 06:26:11,151 INFO Queue empty — waiting...
2026-03-29 06:26:41,159 INFO Queue empty — waiting...
2026-03-29 06:27:11,163 INFO Queue empty — waiting...
2026-03-29 06:27:41,171 INFO Queue empty — waiting...
2026-03-29 06:28:11,175 INFO Queue empty — waiting...
2026-03-29 06:28:41,183 INFO Queue empty — waiting...
2026-03-29 06:29:11,187 INFO Queue empty — waiting...
2026-03-29 06:29:41,195 INFO Queue empty — waiting...
2026-03-29 06:30:11,199 INFO Queue empty — waiting...
2026-03-29 06:30:41,207 INFO Queue empty — waiting...
2026-03-29 06:31:11,211 INFO Queue empty — waiting...
2026-03-29 06:31:41,219 INFO Queue empty — waiting...
2026-03-29 06:32:11,223 INFO Queue empty — waiting...
2026-03-29 06:32:41,232 INFO Queue empty — waiting...
2026-03-29 06:33:11,236 INFO Queue empty — waiting...
2026-03-29 06:33:41,244 INFO Queue empty — waiting...
2026-03-29 06:34:11,247 INFO Queue empty — waiting...
2026-03-29 06:34:41,256 INFO Queue empty — waiting...
2026-03-29 06:35:11,259 INFO Queue empty — waiting...
2026-03-29 06:35:41,268 INFO Queue empty — waiting...
2026-03-29 06:36:11,271 INFO Queue empty — waiting...
2026-03-29 06:36:41,279 INFO Queue empty — waiting...
2026-03-29 06:37:11,283 INFO Queue empty — waiting...
2026-03-29 06:37:41,291 INFO Queue empty — waiting...
2026-03-29 06:38:11,295 INFO Queue empty — waiting...
2026-03-29 06:38:41,303 INFO Queue empty — waiting...
2026-03-29 06:39:11,307 INFO Queue empty — waiting...
2026-03-29 06:39:41,315 INFO Queue empty — waiting...
